[debug] [2023-11-01T09:25:08.442Z] ----------------------------------------------------------------------
[debug] [2023-11-01T09:25:08.445Z] Command:       /usr/local/Cellar/node@16/16.20.2/bin/node /usr/local/bin/firebase deploy --only functions
[debug] [2023-11-01T09:25:08.446Z] CLI Version:   12.6.2
[debug] [2023-11-01T09:25:08.446Z] Platform:      darwin
[debug] [2023-11-01T09:25:08.446Z] Node Version:  v16.20.2
[debug] [2023-11-01T09:25:08.449Z] Time:          Wed Nov 01 2023 10:25:08 GMT+0100 (Central European Standard Time)
[debug] [2023-11-01T09:25:08.450Z] ----------------------------------------------------------------------
[debug] 
[debug] [2023-11-01T09:25:08.544Z] > command requires scopes: ["email","openid","https://www.googleapis.com/auth/cloudplatformprojects.readonly","https://www.googleapis.com/auth/firebase","https://www.googleapis.com/auth/cloud-platform"]
[debug] [2023-11-01T09:25:08.544Z] > authorizing via signed-in user (volspree@gmail.com)
[debug] [2023-11-01T09:25:08.545Z] [iam] checking project ididit-fyi for permissions ["cloudfunctions.functions.create","cloudfunctions.functions.delete","cloudfunctions.functions.get","cloudfunctions.functions.list","cloudfunctions.functions.update","cloudfunctions.operations.get","firebase.projects.get"]
[debug] [2023-11-01T09:25:08.554Z] > refreshing access token with scopes: []
[debug] [2023-11-01T09:25:08.556Z] >>> [apiv2][query] POST https://www.googleapis.com/oauth2/v3/token [none]
[debug] [2023-11-01T09:25:08.556Z] >>> [apiv2][body] POST https://www.googleapis.com/oauth2/v3/token [omitted]
[debug] [2023-11-01T09:25:08.841Z] <<< [apiv2][status] POST https://www.googleapis.com/oauth2/v3/token 200
[debug] [2023-11-01T09:25:08.842Z] <<< [apiv2][body] POST https://www.googleapis.com/oauth2/v3/token [omitted]
[debug] [2023-11-01T09:25:08.858Z] >>> [apiv2][query] POST https://cloudresourcemanager.googleapis.com/v1/projects/ididit-fyi:testIamPermissions [none]
[debug] [2023-11-01T09:25:08.859Z] >>> [apiv2][(partial)header] POST https://cloudresourcemanager.googleapis.com/v1/projects/ididit-fyi:testIamPermissions x-goog-quota-user=projects/ididit-fyi
[debug] [2023-11-01T09:25:08.859Z] >>> [apiv2][body] POST https://cloudresourcemanager.googleapis.com/v1/projects/ididit-fyi:testIamPermissions {"permissions":["cloudfunctions.functions.create","cloudfunctions.functions.delete","cloudfunctions.functions.get","cloudfunctions.functions.list","cloudfunctions.functions.update","cloudfunctions.operations.get","firebase.projects.get"]}
[debug] [2023-11-01T09:25:09.896Z] <<< [apiv2][status] POST https://cloudresourcemanager.googleapis.com/v1/projects/ididit-fyi:testIamPermissions 200
[debug] [2023-11-01T09:25:09.897Z] <<< [apiv2][body] POST https://cloudresourcemanager.googleapis.com/v1/projects/ididit-fyi:testIamPermissions {"permissions":["cloudfunctions.functions.create","cloudfunctions.functions.delete","cloudfunctions.functions.get","cloudfunctions.functions.list","cloudfunctions.functions.update","cloudfunctions.operations.get","firebase.projects.get"]}
[debug] [2023-11-01T09:25:09.897Z] >>> [apiv2][query] POST https://iam.googleapis.com/v1/projects/ididit-fyi/serviceAccounts/ididit-fyi@appspot.gserviceaccount.com:testIamPermissions [none]
[debug] [2023-11-01T09:25:09.897Z] >>> [apiv2][body] POST https://iam.googleapis.com/v1/projects/ididit-fyi/serviceAccounts/ididit-fyi@appspot.gserviceaccount.com:testIamPermissions {"permissions":["iam.serviceAccounts.actAs"]}
[debug] [2023-11-01T09:25:10.759Z] <<< [apiv2][status] POST https://iam.googleapis.com/v1/projects/ididit-fyi/serviceAccounts/ididit-fyi@appspot.gserviceaccount.com:testIamPermissions 200
[debug] [2023-11-01T09:25:10.759Z] <<< [apiv2][body] POST https://iam.googleapis.com/v1/projects/ididit-fyi/serviceAccounts/ididit-fyi@appspot.gserviceaccount.com:testIamPermissions {"permissions":["iam.serviceAccounts.actAs"]}
[info] 
[info] === Deploying to 'ididit-fyi'...
[info] 
[info] i  deploying functions 
[info] Running command: npm --prefix "$RESOURCE_DIR" run build
[info] ✔  functions: Finished running predeploy script. 
[debug] [2023-11-01T09:25:34.501Z] >>> [apiv2][query] GET https://firebase.googleapis.com/v1beta1/projects/ididit-fyi [none]
[debug] [2023-11-01T09:25:34.819Z] <<< [apiv2][status] GET https://firebase.googleapis.com/v1beta1/projects/ididit-fyi 200
[debug] [2023-11-01T09:25:34.819Z] <<< [apiv2][body] GET https://firebase.googleapis.com/v1beta1/projects/ididit-fyi {"projectId":"ididit-fyi","projectNumber":"756131332156","displayName":"ididit-fyi","name":"projects/ididit-fyi","resources":{"hostingSite":"ididit-fyi"},"state":"ACTIVE","etag":"1_db1951a4-66bc-4d41-9589-186dacb43e7f"}
[info] i  functions: preparing codebase default for deployment 
[info] i  functions: ensuring required API cloudfunctions.googleapis.com is enabled... 
[info] i  functions: ensuring required API cloudbuild.googleapis.com is enabled... 
[info] i  artifactregistry: ensuring required API artifactregistry.googleapis.com is enabled... 
[debug] [2023-11-01T09:25:34.822Z] >>> [apiv2][query] GET https://serviceusage.googleapis.com/v1/projects/ididit-fyi/services/cloudfunctions.googleapis.com [none]
[debug] [2023-11-01T09:25:34.822Z] >>> [apiv2][(partial)header] GET https://serviceusage.googleapis.com/v1/projects/ididit-fyi/services/cloudfunctions.googleapis.com x-goog-quota-user=projects/ididit-fyi
[debug] [2023-11-01T09:25:34.824Z] >>> [apiv2][query] GET https://serviceusage.googleapis.com/v1/projects/ididit-fyi/services/runtimeconfig.googleapis.com [none]
[debug] [2023-11-01T09:25:34.824Z] >>> [apiv2][(partial)header] GET https://serviceusage.googleapis.com/v1/projects/ididit-fyi/services/runtimeconfig.googleapis.com x-goog-quota-user=projects/ididit-fyi
[debug] [2023-11-01T09:25:34.826Z] >>> [apiv2][query] GET https://serviceusage.googleapis.com/v1/projects/ididit-fyi/services/cloudbuild.googleapis.com [none]
[debug] [2023-11-01T09:25:34.826Z] >>> [apiv2][(partial)header] GET https://serviceusage.googleapis.com/v1/projects/ididit-fyi/services/cloudbuild.googleapis.com x-goog-quota-user=projects/ididit-fyi
[debug] [2023-11-01T09:25:34.828Z] >>> [apiv2][query] GET https://serviceusage.googleapis.com/v1/projects/ididit-fyi/services/artifactregistry.googleapis.com [none]
[debug] [2023-11-01T09:25:34.828Z] >>> [apiv2][(partial)header] GET https://serviceusage.googleapis.com/v1/projects/ididit-fyi/services/artifactregistry.googleapis.com x-goog-quota-user=projects/ididit-fyi
[debug] [2023-11-01T09:25:35.967Z] <<< [apiv2][status] GET https://serviceusage.googleapis.com/v1/projects/ididit-fyi/services/cloudfunctions.googleapis.com 200
[debug] [2023-11-01T09:25:35.967Z] <<< [apiv2][body] GET https://serviceusage.googleapis.com/v1/projects/ididit-fyi/services/cloudfunctions.googleapis.com [omitted]
[info] ✔  functions: required API cloudfunctions.googleapis.com is enabled 
[debug] [2023-11-01T09:25:35.968Z] <<< [apiv2][status] GET https://serviceusage.googleapis.com/v1/projects/ididit-fyi/services/cloudbuild.googleapis.com 200
[debug] [2023-11-01T09:25:35.968Z] <<< [apiv2][body] GET https://serviceusage.googleapis.com/v1/projects/ididit-fyi/services/cloudbuild.googleapis.com [omitted]
[info] ✔  functions: required API cloudbuild.googleapis.com is enabled 
[debug] [2023-11-01T09:25:35.970Z] <<< [apiv2][status] GET https://serviceusage.googleapis.com/v1/projects/ididit-fyi/services/runtimeconfig.googleapis.com 200
[debug] [2023-11-01T09:25:35.971Z] <<< [apiv2][body] GET https://serviceusage.googleapis.com/v1/projects/ididit-fyi/services/runtimeconfig.googleapis.com [omitted]
[debug] [2023-11-01T09:25:35.973Z] <<< [apiv2][status] GET https://serviceusage.googleapis.com/v1/projects/ididit-fyi/services/artifactregistry.googleapis.com 200
[debug] [2023-11-01T09:25:35.973Z] <<< [apiv2][body] GET https://serviceusage.googleapis.com/v1/projects/ididit-fyi/services/artifactregistry.googleapis.com [omitted]
[info] ✔  artifactregistry: required API artifactregistry.googleapis.com is enabled 
[debug] [2023-11-01T09:25:35.974Z] >>> [apiv2][query] GET https://firebase.googleapis.com/v1beta1/projects/ididit-fyi/adminSdkConfig [none]
[debug] [2023-11-01T09:25:36.503Z] <<< [apiv2][status] GET https://firebase.googleapis.com/v1beta1/projects/ididit-fyi/adminSdkConfig 200
[debug] [2023-11-01T09:25:36.503Z] <<< [apiv2][body] GET https://firebase.googleapis.com/v1beta1/projects/ididit-fyi/adminSdkConfig {"projectId":"ididit-fyi","storageBucket":"ididit-fyi.appspot.com"}
[debug] [2023-11-01T09:25:36.505Z] >>> [apiv2][query] GET https://runtimeconfig.googleapis.com/v1beta1/projects/ididit-fyi/configs [none]
[debug] [2023-11-01T09:25:37.953Z] <<< [apiv2][status] GET https://runtimeconfig.googleapis.com/v1beta1/projects/ididit-fyi/configs 200
[debug] [2023-11-01T09:25:37.953Z] <<< [apiv2][body] GET https://runtimeconfig.googleapis.com/v1beta1/projects/ididit-fyi/configs {}
[debug] [2023-11-01T09:25:37.955Z] Validating nodejs source
[debug] [2023-11-01T09:25:39.849Z] > [functions] package.json contents: {
  "name": "functions",
  "scripts": {
    "build": "tsc",
    "build:watch": "tsc --watch",
    "serve": "npm run build && firebase emulators:start --only functions",
    "shell": "npm run build && firebase functions:shell",
    "start": "npm run shell",
    "deploy": "firebase deploy --only functions",
    "logs": "firebase functions:log"
  },
  "engines": {
    "node": "16"
  },
  "main": "lib/index.js",
  "dependencies": {
    "firebase-admin": "^11.8.0",
    "firebase-functions": "^4.3.1"
  },
  "devDependencies": {
    "firebase-functions-test": "^3.1.0",
    "typescript": "^4.9.0"
  },
  "private": true
}
[debug] [2023-11-01T09:25:39.850Z] Building nodejs source
[info] i  functions: Loading and analyzing source code for codebase default to determine what to deploy 
[debug] [2023-11-01T09:25:39.852Z] Could not find functions.yaml. Must use http discovery
[debug] [2023-11-01T09:25:39.867Z] Found firebase-functions binary at '/Users/Coding/repos/ididit.fyi/functions/node_modules/.bin/firebase-functions'
[info] Serving at port 8737

[debug] [2023-11-01T09:25:42.548Z] Got response from /__/functions.yaml {"endpoints":{"onRegister":{"platform":"gcfv1","availableMemoryMb":null,"timeoutSeconds":null,"minInstances":null,"maxInstances":null,"ingressSettings":null,"serviceAccountEmail":null,"vpc":null,"eventTrigger":{"eventType":"providers/firebase.auth/eventTypes/user.create","eventFilters":{"resource":"projects/ididit-fyi"},"retry":false},"labels":{},"entryPoint":"onRegister"},"onUserDelete":{"platform":"gcfv1","availableMemoryMb":null,"timeoutSeconds":null,"minInstances":null,"maxInstances":null,"ingressSettings":null,"serviceAccountEmail":null,"vpc":null,"eventTrigger":{"eventType":"providers/firebase.auth/eventTypes/user.delete","eventFilters":{"resource":"projects/ididit-fyi"},"retry":false},"labels":{},"entryPoint":"onUserDelete"}},"specVersion":"v1alpha1","requiredAPIs":[]}
[info] shutdown requested via /__/quitquitquit

[info] i  functions: preparing functions directory for uploading... 
[info] i  functions: packaged /Users/Coding/repos/ididit.fyi/functions (133.17 KB) for uploading 
[debug] [2023-11-01T09:25:42.688Z] >>> [apiv2][query] GET https://cloudfunctions.googleapis.com/v1/projects/ididit-fyi/locations/-/functions [none]
[debug] [2023-11-01T09:25:43.302Z] <<< [apiv2][status] GET https://cloudfunctions.googleapis.com/v1/projects/ididit-fyi/locations/-/functions 200
[debug] [2023-11-01T09:25:43.303Z] <<< [apiv2][body] GET https://cloudfunctions.googleapis.com/v1/projects/ididit-fyi/locations/-/functions {"functions":[{"name":"projects/ididit-fyi/locations/us-central1/functions/onRegister","eventTrigger":{"eventType":"providers/firebase.auth/eventTypes/user.create","resource":"projects/ididit-fyi","service":"firebaseauth.googleapis.com","failurePolicy":{}},"status":"ACTIVE","entryPoint":"onRegister","timeout":"60s","availableMemoryMb":256,"serviceAccountEmail":"ididit-fyi@appspot.gserviceaccount.com","updateTime":"2023-11-01T09:09:39.994Z","versionId":"4","labels":{"deployment-tool":"cli-firebase","firebase-functions-hash":"e2103dd52d7a6b0f08e9f740b554878e5b678c4e"},"sourceUploadUrl":"https://storage.googleapis.com/uploads-23602131242.us-central1.cloudfunctions.appspot.com/8254811b-8a08-4b32-a6f5-dbcbe45f3891.zip","environmentVariables":{"FIREBASE_CONFIG":"{\"projectId\":\"ididit-fyi\",\"storageBucket\":\"ididit-fyi.appspot.com\"}","GCLOUD_PROJECT":"ididit-fyi","EVENTARC_CLOUD_EVENT_SOURCE":"projects/ididit-fyi/locations/us-central1/functions/onRegister"},"runtime":"nodejs16","maxInstances":3000,"ingressSettings":"ALLOW_ALL","buildId":"e1162fcf-78f2-4d9d-b040-cc997f1f76f4","buildEnvironmentVariables":{"GOOGLE_NODE_RUN_SCRIPTS":""},"buildName":"projects/756131332156/locations/us-central1/builds/e1162fcf-78f2-4d9d-b040-cc997f1f76f4","dockerRegistry":"ARTIFACT_REGISTRY"},{"name":"projects/ididit-fyi/locations/us-central1/functions/onUserDelete","eventTrigger":{"eventType":"providers/firebase.auth/eventTypes/user.delete","resource":"projects/ididit-fyi","service":"firebaseauth.googleapis.com","failurePolicy":{}},"status":"ACTIVE","entryPoint":"onUserDelete","timeout":"60s","availableMemoryMb":256,"serviceAccountEmail":"ididit-fyi@appspot.gserviceaccount.com","updateTime":"2023-11-01T09:09:53.647Z","versionId":"3","labels":{"deployment-tool":"cli-firebase","firebase-functions-hash":"e2103dd52d7a6b0f08e9f740b554878e5b678c4e"},"sourceUploadUrl":"https://storage.googleapis.com/uploads-23602131242.us-central1.cloudfunctions.appspot.com/8254811b-8a08-4b32-a6f5-dbcbe45f3891.zip","environmentVariables":{"FIREBASE_CONFIG":"{\"projectId\":\"ididit-fyi\",\"storageBucket\":\"ididit-fyi.appspot.com\"}","GCLOUD_PROJECT":"ididit-fyi","EVENTARC_CLOUD_EVENT_SOURCE":"projects/ididit-fyi/locations/us-central1/functions/onUserDelete"},"runtime":"nodejs16","maxInstances":3000,"ingressSettings":"ALLOW_ALL","buildId":"e1162fcf-78f2-4d9d-b040-cc997f1f76f4","buildEnvironmentVariables":{"GOOGLE_NODE_RUN_SCRIPTS":""},"buildName":"projects/756131332156/locations/us-central1/builds/e1162fcf-78f2-4d9d-b040-cc997f1f76f4","dockerRegistry":"ARTIFACT_REGISTRY"}]}
[debug] [2023-11-01T09:25:43.305Z] >>> [apiv2][query] GET https://cloudfunctions.googleapis.com/v2/projects/ididit-fyi/locations/-/functions filter=environment%3D%22GEN_2%22
[debug] [2023-11-01T09:25:44.517Z] <<< [apiv2][status] GET https://cloudfunctions.googleapis.com/v2/projects/ididit-fyi/locations/-/functions 200
[debug] [2023-11-01T09:25:44.517Z] <<< [apiv2][body] GET https://cloudfunctions.googleapis.com/v2/projects/ididit-fyi/locations/-/functions {"functions":[{"name":"projects/ididit-fyi/locations/us-central1/functions/ssrididitfyi","buildConfig":{"build":"projects/756131332156/locations/us-central1/builds/901c953c-ed35-47ed-af84-46a7632c36d8","runtime":"nodejs16","entryPoint":"ssrididitfyi","source":{"storageSource":{"bucket":"gcf-v2-sources-756131332156-us-central1","object":"ssrididitfyi/function-source.zip","generation":"1698339900927044"}},"environmentVariables":{"GOOGLE_NODE_RUN_SCRIPTS":""},"sourceProvenance":{"resolvedStorageSource":{"bucket":"gcf-v2-sources-756131332156-us-central1","object":"ssrididitfyi/function-source.zip","generation":"1698339900927044"}},"dockerRegistry":"ARTIFACT_REGISTRY"},"serviceConfig":{"service":"projects/ididit-fyi/locations/us-central1/services/ssrididitfyi","timeoutSeconds":60,"environmentVariables":{"__FIREBASE_FRAMEWORKS_ENTRY__":"sveltekit","__FIREBASE_DEFAULTS__":"{\"config\":{\"projectId\":\"ididit-fyi\",\"appId\":\"1:756131332156:web:89739ebc181c25ddb80339\",\"storageBucket\":\"ididit-fyi.appspot.com\",\"apiKey\":\"AIzaSyD6o7Yq4_ORCXQqbCLo-w1MbR08EcDjeTo\",\"authDomain\":\"ididit-fyi.firebaseapp.com\",\"messagingSenderId\":\"756131332156\",\"measurementId\":\"G-0TD15L5HEY\"},\"_authTokenSyncURL\":\"/__session\"}","FIREBASE_CONFIG":"{\"projectId\":\"ididit-fyi\",\"storageBucket\":\"ididit-fyi.appspot.com\"}","GCLOUD_PROJECT":"ididit-fyi","EVENTARC_CLOUD_EVENT_SOURCE":"projects/ididit-fyi/locations/us-central1/services/ssrididitfyi","FUNCTION_TARGET":"ssrididitfyi"},"maxInstanceCount":100,"ingressSettings":"ALLOW_ALL","uri":"https://ssrididitfyi-454x7lfuha-uc.a.run.app","serviceAccountEmail":"756131332156-compute@developer.gserviceaccount.com","availableMemory":"256Mi","allTrafficOnLatestRevision":true,"revision":"ssrididitfyi-00009-fid","maxInstanceRequestConcurrency":80,"availableCpu":"1"},"state":"ACTIVE","updateTime":"2023-10-26T17:06:25.404220749Z","labels":{"firebase-functions-hash":"95626f84e62d1912af1fdd82b28d8bb2a4ca60f1","deployment-tool":"cli-firebase","firebase-functions-codebase":"firebase-frameworks-ididit-fyi"},"environment":"GEN_2","url":"https://us-central1-ididit-fyi.cloudfunctions.net/ssrididitfyi"}]}
[debug] [2023-11-01T09:25:44.522Z] >>> [apiv2][query] GET https://firebase.googleapis.com/v1beta1/projects/ididit-fyi [none]
[debug] [2023-11-01T09:25:45.019Z] <<< [apiv2][status] GET https://firebase.googleapis.com/v1beta1/projects/ididit-fyi 200
[debug] [2023-11-01T09:25:45.019Z] <<< [apiv2][body] GET https://firebase.googleapis.com/v1beta1/projects/ididit-fyi {"projectId":"ididit-fyi","projectNumber":"756131332156","displayName":"ididit-fyi","name":"projects/ididit-fyi","resources":{"hostingSite":"ididit-fyi"},"state":"ACTIVE","etag":"1_db1951a4-66bc-4d41-9589-186dacb43e7f"}
[debug] [2023-11-01T09:25:45.021Z] >>> [apiv2][query] POST https://cloudfunctions.googleapis.com/v1/projects/ididit-fyi/locations/us-central1/functions:generateUploadUrl [none]
[debug] [2023-11-01T09:25:45.021Z] >>> [apiv2][body] POST https://cloudfunctions.googleapis.com/v1/projects/ididit-fyi/locations/us-central1/functions:generateUploadUrl {}
[debug] [2023-11-01T09:25:45.904Z] <<< [apiv2][status] POST https://cloudfunctions.googleapis.com/v1/projects/ididit-fyi/locations/us-central1/functions:generateUploadUrl 200
[debug] [2023-11-01T09:25:45.904Z] <<< [apiv2][body] POST https://cloudfunctions.googleapis.com/v1/projects/ididit-fyi/locations/us-central1/functions:generateUploadUrl {"uploadUrl":"https://storage.googleapis.com/uploads-23602131242.us-central1.cloudfunctions.appspot.com/8bb61684-5a26-413e-a7f1-622c82b09c18.zip?GoogleAccessId=service-756131332156@gcf-admin-robot.iam.gserviceaccount.com&Expires=1698832545&Signature=NMRMGf8%2FlGTTU0vMEIGYDoEjYRdL9cgwAD7LBBc5gX7PSejjIrhhrhEehDQrV6bdN87yiO09hpNgrPq27IJvajOgrUUrOm%2FVAkNZb8mrY%2BdD8HiywvkZfVQTJ3wOuJBDAQbv5jCElSmuOhyFDPgclyRXnNIkeLkFmACGE3szXlkIcKHkAVtBG8iC2QbmtoL2YRQUCnlSnnXru7OccbKeY4UoCBlhg0Dk%2FTZOXuu%2BWkm4bPQfnl5UIeUC%2BbHhtRzKIr3YAyANS0xkww853vN8PK02ZTZB8J1GAguAHXB2E36XqnD1d0hX%2FQD03vvDMMvHtGVilHiBAF8VoJgOJK4t3g%3D%3D"}
[debug] [2023-11-01T09:25:45.905Z] >>> [apiv2][query] PUT https://storage.googleapis.com/uploads-23602131242.us-central1.cloudfunctions.appspot.com/8bb61684-5a26-413e-a7f1-622c82b09c18.zip GoogleAccessId=service-756131332156%40gcf-admin-robot.iam.gserviceaccount.com&Expires=1698832545&Signature=NMRMGf8%2FlGTTU0vMEIGYDoEjYRdL9cgwAD7LBBc5gX7PSejjIrhhrhEehDQrV6bdN87yiO09hpNgrPq27IJvajOgrUUrOm%2FVAkNZb8mrY%2BdD8HiywvkZfVQTJ3wOuJBDAQbv5jCElSmuOhyFDPgclyRXnNIkeLkFmACGE3szXlkIcKHkAVtBG8iC2QbmtoL2YRQUCnlSnnXru7OccbKeY4UoCBlhg0Dk%2FTZOXuu%2BWkm4bPQfnl5UIeUC%2BbHhtRzKIr3YAyANS0xkww853vN8PK02ZTZB8J1GAguAHXB2E36XqnD1d0hX%2FQD03vvDMMvHtGVilHiBAF8VoJgOJK4t3g%3D%3D
[debug] [2023-11-01T09:25:45.905Z] >>> [apiv2][body] PUT https://storage.googleapis.com/uploads-23602131242.us-central1.cloudfunctions.appspot.com/8bb61684-5a26-413e-a7f1-622c82b09c18.zip [stream]
[debug] [2023-11-01T09:25:46.868Z] <<< [apiv2][status] PUT https://storage.googleapis.com/uploads-23602131242.us-central1.cloudfunctions.appspot.com/8bb61684-5a26-413e-a7f1-622c82b09c18.zip 200
[debug] [2023-11-01T09:25:46.868Z] <<< [apiv2][body] PUT https://storage.googleapis.com/uploads-23602131242.us-central1.cloudfunctions.appspot.com/8bb61684-5a26-413e-a7f1-622c82b09c18.zip [omitted]
[info] ✔  functions: functions folder uploaded successfully 
[info] i  functions: updating Node.js 16 (1st Gen) function onRegister(us-central1)... 
[info] i  functions: updating Node.js 16 (1st Gen) function onUserDelete(us-central1)... 
[debug] [2023-11-01T09:25:46.874Z] >>> [apiv2][query] PATCH https://cloudfunctions.googleapis.com/v1/projects/ididit-fyi/locations/us-central1/functions/onRegister updateMask=name%2CsourceUploadUrl%2CentryPoint%2Cruntime%2CdockerRegistry%2Clabels%2CeventTrigger.eventType%2CeventTrigger.resource%2CeventTrigger.failurePolicy%2CminInstances%2CmaxInstances%2CingressSettings%2CenvironmentVariables%2CserviceAccountEmail%2CavailableMemoryMb%2Ctimeout%2CvpcConnector%2CvpcConnectorEgressSettings%2CsourceToken%2CbuildEnvironmentVariables
[debug] [2023-11-01T09:25:46.874Z] >>> [apiv2][body] PATCH https://cloudfunctions.googleapis.com/v1/projects/ididit-fyi/locations/us-central1/functions/onRegister {"name":"projects/ididit-fyi/locations/us-central1/functions/onRegister","sourceUploadUrl":"https://storage.googleapis.com/uploads-23602131242.us-central1.cloudfunctions.appspot.com/8bb61684-5a26-413e-a7f1-622c82b09c18.zip?GoogleAccessId=service-756131332156@gcf-admin-robot.iam.gserviceaccount.com&Expires=1698832545&Signature=NMRMGf8%2FlGTTU0vMEIGYDoEjYRdL9cgwAD7LBBc5gX7PSejjIrhhrhEehDQrV6bdN87yiO09hpNgrPq27IJvajOgrUUrOm%2FVAkNZb8mrY%2BdD8HiywvkZfVQTJ3wOuJBDAQbv5jCElSmuOhyFDPgclyRXnNIkeLkFmACGE3szXlkIcKHkAVtBG8iC2QbmtoL2YRQUCnlSnnXru7OccbKeY4UoCBlhg0Dk%2FTZOXuu%2BWkm4bPQfnl5UIeUC%2BbHhtRzKIr3YAyANS0xkww853vN8PK02ZTZB8J1GAguAHXB2E36XqnD1d0hX%2FQD03vvDMMvHtGVilHiBAF8VoJgOJK4t3g%3D%3D","entryPoint":"onRegister","runtime":"nodejs16","dockerRegistry":"ARTIFACT_REGISTRY","labels":{"deployment-tool":"cli-firebase","firebase-functions-hash":"62f5ff43459ddab19688a81d229b9f10f6b3c90b"},"eventTrigger":{"eventType":"providers/firebase.auth/eventTypes/user.create","resource":"projects/ididit-fyi"},"minInstances":null,"maxInstances":null,"ingressSettings":null,"environmentVariables":{"FIREBASE_CONFIG":"{\"projectId\":\"ididit-fyi\",\"storageBucket\":\"ididit-fyi.appspot.com\"}","GCLOUD_PROJECT":"ididit-fyi","EVENTARC_CLOUD_EVENT_SOURCE":"projects/ididit-fyi/locations/us-central1/functions/onRegister"},"serviceAccountEmail":null,"availableMemoryMb":null,"timeout":null,"vpcConnector":null,"vpcConnectorEgressSettings":null,"buildEnvironmentVariables":{"GOOGLE_NODE_RUN_SCRIPTS":""}}
[debug] [2023-11-01T09:25:47.988Z] <<< [apiv2][status] PATCH https://cloudfunctions.googleapis.com/v1/projects/ididit-fyi/locations/us-central1/functions/onRegister 200
[debug] [2023-11-01T09:25:47.989Z] <<< [apiv2][body] PATCH https://cloudfunctions.googleapis.com/v1/projects/ididit-fyi/locations/us-central1/functions/onRegister {"name":"operations/aWRpZGl0LWZ5aS91cy1jZW50cmFsMS9vblJlZ2lzdGVyL2FCVjRtMWRLS0dn","metadata":{"@type":"type.googleapis.com/google.cloud.functions.v1.OperationMetadataV1","target":"projects/ididit-fyi/locations/us-central1/functions/onRegister","type":"UPDATE_FUNCTION","request":{"@type":"type.googleapis.com/google.cloud.functions.v1.CloudFunction","name":"projects/ididit-fyi/locations/us-central1/functions/onRegister","eventTrigger":{"eventType":"providers/firebase.auth/eventTypes/user.create","resource":"projects/ididit-fyi","service":"firebaseauth.googleapis.com"},"status":"ACTIVE","entryPoint":"onRegister","updateTime":"2023-11-01T09:09:39.994Z","versionId":"4","labels":{"deployment-tool":"cli-firebase","firebase-functions-hash":"62f5ff43459ddab19688a81d229b9f10f6b3c90b"},"sourceUploadUrl":"https://storage.googleapis.com/uploads-23602131242.us-central1.cloudfunctions.appspot.com/8bb61684-5a26-413e-a7f1-622c82b09c18.zip?GoogleAccessId=service-756131332156@gcf-admin-robot.iam.gserviceaccount.com&Expires=1698832545&Signature=NMRMGf8%2FlGTTU0vMEIGYDoEjYRdL9cgwAD7LBBc5gX7PSejjIrhhrhEehDQrV6bdN87yiO09hpNgrPq27IJvajOgrUUrOm%2FVAkNZb8mrY%2BdD8HiywvkZfVQTJ3wOuJBDAQbv5jCElSmuOhyFDPgclyRXnNIkeLkFmACGE3szXlkIcKHkAVtBG8iC2QbmtoL2YRQUCnlSnnXru7OccbKeY4UoCBlhg0Dk%2FTZOXuu%2BWkm4bPQfnl5UIeUC%2BbHhtRzKIr3YAyANS0xkww853vN8PK02ZTZB8J1GAguAHXB2E36XqnD1d0hX%2FQD03vvDMMvHtGVilHiBAF8VoJgOJK4t3g%3D%3D","environmentVariables":{"FIREBASE_CONFIG":"{\"projectId\":\"ididit-fyi\",\"storageBucket\":\"ididit-fyi.appspot.com\"}","GCLOUD_PROJECT":"ididit-fyi","EVENTARC_CLOUD_EVENT_SOURCE":"projects/ididit-fyi/locations/us-central1/functions/onRegister"},"runtime":"nodejs16","buildId":"e1162fcf-78f2-4d9d-b040-cc997f1f76f4","buildEnvironmentVariables":{"GOOGLE_NODE_RUN_SCRIPTS":""},"buildName":"projects/756131332156/locations/us-central1/builds/e1162fcf-78f2-4d9d-b040-cc997f1f76f4","dockerRegistry":"ARTIFACT_REGISTRY"},"versionId":"5","updateTime":"2023-11-01T09:25:47Z"}}
[debug] [2023-11-01T09:25:47.990Z] >>> [apiv2][query] GET https://cloudfunctions.googleapis.com/v1/operations/aWRpZGl0LWZ5aS91cy1jZW50cmFsMS9vblJlZ2lzdGVyL2FCVjRtMWRLS0dn [none]
[debug] [2023-11-01T09:25:48.500Z] <<< [apiv2][status] GET https://cloudfunctions.googleapis.com/v1/operations/aWRpZGl0LWZ5aS91cy1jZW50cmFsMS9vblJlZ2lzdGVyL2FCVjRtMWRLS0dn 200
[debug] [2023-11-01T09:25:48.500Z] <<< [apiv2][body] GET https://cloudfunctions.googleapis.com/v1/operations/aWRpZGl0LWZ5aS91cy1jZW50cmFsMS9vblJlZ2lzdGVyL2FCVjRtMWRLS0dn {"name":"operations/aWRpZGl0LWZ5aS91cy1jZW50cmFsMS9vblJlZ2lzdGVyL2FCVjRtMWRLS0dn","metadata":{"@type":"type.googleapis.com/google.cloud.functions.v1.OperationMetadataV1","target":"projects/ididit-fyi/locations/us-central1/functions/onRegister","type":"UPDATE_FUNCTION","request":{"@type":"type.googleapis.com/google.cloud.functions.v1.CloudFunction","name":"projects/ididit-fyi/locations/us-central1/functions/onRegister","eventTrigger":{"eventType":"providers/firebase.auth/eventTypes/user.create","resource":"projects/ididit-fyi","service":"firebaseauth.googleapis.com"},"status":"ACTIVE","entryPoint":"onRegister","updateTime":"2023-11-01T09:09:39.994Z","versionId":"4","labels":{"deployment-tool":"cli-firebase","firebase-functions-hash":"62f5ff43459ddab19688a81d229b9f10f6b3c90b"},"sourceUploadUrl":"https://storage.googleapis.com/uploads-23602131242.us-central1.cloudfunctions.appspot.com/8bb61684-5a26-413e-a7f1-622c82b09c18.zip?GoogleAccessId=service-756131332156@gcf-admin-robot.iam.gserviceaccount.com&Expires=1698832545&Signature=NMRMGf8%2FlGTTU0vMEIGYDoEjYRdL9cgwAD7LBBc5gX7PSejjIrhhrhEehDQrV6bdN87yiO09hpNgrPq27IJvajOgrUUrOm%2FVAkNZb8mrY%2BdD8HiywvkZfVQTJ3wOuJBDAQbv5jCElSmuOhyFDPgclyRXnNIkeLkFmACGE3szXlkIcKHkAVtBG8iC2QbmtoL2YRQUCnlSnnXru7OccbKeY4UoCBlhg0Dk%2FTZOXuu%2BWkm4bPQfnl5UIeUC%2BbHhtRzKIr3YAyANS0xkww853vN8PK02ZTZB8J1GAguAHXB2E36XqnD1d0hX%2FQD03vvDMMvHtGVilHiBAF8VoJgOJK4t3g%3D%3D","environmentVariables":{"FIREBASE_CONFIG":"{\"projectId\":\"ididit-fyi\",\"storageBucket\":\"ididit-fyi.appspot.com\"}","GCLOUD_PROJECT":"ididit-fyi","EVENTARC_CLOUD_EVENT_SOURCE":"projects/ididit-fyi/locations/us-central1/functions/onRegister"},"runtime":"nodejs16","buildId":"e1162fcf-78f2-4d9d-b040-cc997f1f76f4","buildEnvironmentVariables":{"GOOGLE_NODE_RUN_SCRIPTS":""},"buildName":"projects/756131332156/locations/us-central1/builds/e1162fcf-78f2-4d9d-b040-cc997f1f76f4","dockerRegistry":"ARTIFACT_REGISTRY"},"versionId":"5","updateTime":"2023-11-01T09:25:48Z"}}
[debug] [2023-11-01T09:25:49.004Z] [update-default-us-central1-onRegister] Retrying task index 0
[debug] [2023-11-01T09:25:49.004Z] >>> [apiv2][query] GET https://cloudfunctions.googleapis.com/v1/operations/aWRpZGl0LWZ5aS91cy1jZW50cmFsMS9vblJlZ2lzdGVyL2FCVjRtMWRLS0dn [none]
[debug] [2023-11-01T09:25:49.645Z] <<< [apiv2][status] GET https://cloudfunctions.googleapis.com/v1/operations/aWRpZGl0LWZ5aS91cy1jZW50cmFsMS9vblJlZ2lzdGVyL2FCVjRtMWRLS0dn 200
[debug] [2023-11-01T09:25:49.646Z] <<< [apiv2][body] GET https://cloudfunctions.googleapis.com/v1/operations/aWRpZGl0LWZ5aS91cy1jZW50cmFsMS9vblJlZ2lzdGVyL2FCVjRtMWRLS0dn {"name":"operations/aWRpZGl0LWZ5aS91cy1jZW50cmFsMS9vblJlZ2lzdGVyL2FCVjRtMWRLS0dn","metadata":{"@type":"type.googleapis.com/google.cloud.functions.v1.OperationMetadataV1","target":"projects/ididit-fyi/locations/us-central1/functions/onRegister","type":"UPDATE_FUNCTION","request":{"@type":"type.googleapis.com/google.cloud.functions.v1.CloudFunction","name":"projects/ididit-fyi/locations/us-central1/functions/onRegister","eventTrigger":{"eventType":"providers/firebase.auth/eventTypes/user.create","resource":"projects/ididit-fyi","service":"firebaseauth.googleapis.com"},"status":"ACTIVE","entryPoint":"onRegister","updateTime":"2023-11-01T09:09:39.994Z","versionId":"4","labels":{"deployment-tool":"cli-firebase","firebase-functions-hash":"62f5ff43459ddab19688a81d229b9f10f6b3c90b"},"sourceUploadUrl":"https://storage.googleapis.com/uploads-23602131242.us-central1.cloudfunctions.appspot.com/8bb61684-5a26-413e-a7f1-622c82b09c18.zip?GoogleAccessId=service-756131332156@gcf-admin-robot.iam.gserviceaccount.com&Expires=1698832545&Signature=NMRMGf8%2FlGTTU0vMEIGYDoEjYRdL9cgwAD7LBBc5gX7PSejjIrhhrhEehDQrV6bdN87yiO09hpNgrPq27IJvajOgrUUrOm%2FVAkNZb8mrY%2BdD8HiywvkZfVQTJ3wOuJBDAQbv5jCElSmuOhyFDPgclyRXnNIkeLkFmACGE3szXlkIcKHkAVtBG8iC2QbmtoL2YRQUCnlSnnXru7OccbKeY4UoCBlhg0Dk%2FTZOXuu%2BWkm4bPQfnl5UIeUC%2BbHhtRzKIr3YAyANS0xkww853vN8PK02ZTZB8J1GAguAHXB2E36XqnD1d0hX%2FQD03vvDMMvHtGVilHiBAF8VoJgOJK4t3g%3D%3D","environmentVariables":{"FIREBASE_CONFIG":"{\"projectId\":\"ididit-fyi\",\"storageBucket\":\"ididit-fyi.appspot.com\"}","GCLOUD_PROJECT":"ididit-fyi","EVENTARC_CLOUD_EVENT_SOURCE":"projects/ididit-fyi/locations/us-central1/functions/onRegister"},"runtime":"nodejs16","buildId":"e1162fcf-78f2-4d9d-b040-cc997f1f76f4","buildEnvironmentVariables":{"GOOGLE_NODE_RUN_SCRIPTS":""},"buildName":"projects/756131332156/locations/us-central1/builds/e1162fcf-78f2-4d9d-b040-cc997f1f76f4","dockerRegistry":"ARTIFACT_REGISTRY"},"versionId":"5","updateTime":"2023-11-01T09:25:48Z","buildId":"2807e742-51f4-4975-8df3-12a344639ed3","buildName":"projects/756131332156/locations/us-central1/builds/2807e742-51f4-4975-8df3-12a344639ed3"}}
[debug] [2023-11-01T09:25:50.646Z] [update-default-us-central1-onRegister] Retrying task index 0
[debug] [2023-11-01T09:25:50.646Z] >>> [apiv2][query] GET https://cloudfunctions.googleapis.com/v1/operations/aWRpZGl0LWZ5aS91cy1jZW50cmFsMS9vblJlZ2lzdGVyL2FCVjRtMWRLS0dn [none]
[debug] [2023-11-01T09:25:51.269Z] <<< [apiv2][status] GET https://cloudfunctions.googleapis.com/v1/operations/aWRpZGl0LWZ5aS91cy1jZW50cmFsMS9vblJlZ2lzdGVyL2FCVjRtMWRLS0dn 200
[debug] [2023-11-01T09:25:51.269Z] <<< [apiv2][body] GET https://cloudfunctions.googleapis.com/v1/operations/aWRpZGl0LWZ5aS91cy1jZW50cmFsMS9vblJlZ2lzdGVyL2FCVjRtMWRLS0dn {"name":"operations/aWRpZGl0LWZ5aS91cy1jZW50cmFsMS9vblJlZ2lzdGVyL2FCVjRtMWRLS0dn","metadata":{"@type":"type.googleapis.com/google.cloud.functions.v1.OperationMetadataV1","target":"projects/ididit-fyi/locations/us-central1/functions/onRegister","type":"UPDATE_FUNCTION","request":{"@type":"type.googleapis.com/google.cloud.functions.v1.CloudFunction","name":"projects/ididit-fyi/locations/us-central1/functions/onRegister","eventTrigger":{"eventType":"providers/firebase.auth/eventTypes/user.create","resource":"projects/ididit-fyi","service":"firebaseauth.googleapis.com"},"status":"ACTIVE","entryPoint":"onRegister","updateTime":"2023-11-01T09:09:39.994Z","versionId":"4","labels":{"deployment-tool":"cli-firebase","firebase-functions-hash":"62f5ff43459ddab19688a81d229b9f10f6b3c90b"},"sourceUploadUrl":"https://storage.googleapis.com/uploads-23602131242.us-central1.cloudfunctions.appspot.com/8bb61684-5a26-413e-a7f1-622c82b09c18.zip?GoogleAccessId=service-756131332156@gcf-admin-robot.iam.gserviceaccount.com&Expires=1698832545&Signature=NMRMGf8%2FlGTTU0vMEIGYDoEjYRdL9cgwAD7LBBc5gX7PSejjIrhhrhEehDQrV6bdN87yiO09hpNgrPq27IJvajOgrUUrOm%2FVAkNZb8mrY%2BdD8HiywvkZfVQTJ3wOuJBDAQbv5jCElSmuOhyFDPgclyRXnNIkeLkFmACGE3szXlkIcKHkAVtBG8iC2QbmtoL2YRQUCnlSnnXru7OccbKeY4UoCBlhg0Dk%2FTZOXuu%2BWkm4bPQfnl5UIeUC%2BbHhtRzKIr3YAyANS0xkww853vN8PK02ZTZB8J1GAguAHXB2E36XqnD1d0hX%2FQD03vvDMMvHtGVilHiBAF8VoJgOJK4t3g%3D%3D","environmentVariables":{"FIREBASE_CONFIG":"{\"projectId\":\"ididit-fyi\",\"storageBucket\":\"ididit-fyi.appspot.com\"}","GCLOUD_PROJECT":"ididit-fyi","EVENTARC_CLOUD_EVENT_SOURCE":"projects/ididit-fyi/locations/us-central1/functions/onRegister"},"runtime":"nodejs16","buildId":"e1162fcf-78f2-4d9d-b040-cc997f1f76f4","buildEnvironmentVariables":{"GOOGLE_NODE_RUN_SCRIPTS":""},"buildName":"projects/756131332156/locations/us-central1/builds/e1162fcf-78f2-4d9d-b040-cc997f1f76f4","dockerRegistry":"ARTIFACT_REGISTRY"},"versionId":"5","updateTime":"2023-11-01T09:25:48Z","buildId":"2807e742-51f4-4975-8df3-12a344639ed3","buildName":"projects/756131332156/locations/us-central1/builds/2807e742-51f4-4975-8df3-12a344639ed3"}}
[debug] [2023-11-01T09:25:53.270Z] [update-default-us-central1-onRegister] Retrying task index 0
[debug] [2023-11-01T09:25:53.270Z] >>> [apiv2][query] GET https://cloudfunctions.googleapis.com/v1/operations/aWRpZGl0LWZ5aS91cy1jZW50cmFsMS9vblJlZ2lzdGVyL2FCVjRtMWRLS0dn [none]
[debug] [2023-11-01T09:25:53.722Z] <<< [apiv2][status] GET https://cloudfunctions.googleapis.com/v1/operations/aWRpZGl0LWZ5aS91cy1jZW50cmFsMS9vblJlZ2lzdGVyL2FCVjRtMWRLS0dn 200
[debug] [2023-11-01T09:25:53.722Z] <<< [apiv2][body] GET https://cloudfunctions.googleapis.com/v1/operations/aWRpZGl0LWZ5aS91cy1jZW50cmFsMS9vblJlZ2lzdGVyL2FCVjRtMWRLS0dn {"name":"operations/aWRpZGl0LWZ5aS91cy1jZW50cmFsMS9vblJlZ2lzdGVyL2FCVjRtMWRLS0dn","metadata":{"@type":"type.googleapis.com/google.cloud.functions.v1.OperationMetadataV1","target":"projects/ididit-fyi/locations/us-central1/functions/onRegister","type":"UPDATE_FUNCTION","request":{"@type":"type.googleapis.com/google.cloud.functions.v1.CloudFunction","name":"projects/ididit-fyi/locations/us-central1/functions/onRegister","eventTrigger":{"eventType":"providers/firebase.auth/eventTypes/user.create","resource":"projects/ididit-fyi","service":"firebaseauth.googleapis.com"},"status":"ACTIVE","entryPoint":"onRegister","updateTime":"2023-11-01T09:09:39.994Z","versionId":"4","labels":{"deployment-tool":"cli-firebase","firebase-functions-hash":"62f5ff43459ddab19688a81d229b9f10f6b3c90b"},"sourceUploadUrl":"https://storage.googleapis.com/uploads-23602131242.us-central1.cloudfunctions.appspot.com/8bb61684-5a26-413e-a7f1-622c82b09c18.zip?GoogleAccessId=service-756131332156@gcf-admin-robot.iam.gserviceaccount.com&Expires=1698832545&Signature=NMRMGf8%2FlGTTU0vMEIGYDoEjYRdL9cgwAD7LBBc5gX7PSejjIrhhrhEehDQrV6bdN87yiO09hpNgrPq27IJvajOgrUUrOm%2FVAkNZb8mrY%2BdD8HiywvkZfVQTJ3wOuJBDAQbv5jCElSmuOhyFDPgclyRXnNIkeLkFmACGE3szXlkIcKHkAVtBG8iC2QbmtoL2YRQUCnlSnnXru7OccbKeY4UoCBlhg0Dk%2FTZOXuu%2BWkm4bPQfnl5UIeUC%2BbHhtRzKIr3YAyANS0xkww853vN8PK02ZTZB8J1GAguAHXB2E36XqnD1d0hX%2FQD03vvDMMvHtGVilHiBAF8VoJgOJK4t3g%3D%3D","environmentVariables":{"FIREBASE_CONFIG":"{\"projectId\":\"ididit-fyi\",\"storageBucket\":\"ididit-fyi.appspot.com\"}","GCLOUD_PROJECT":"ididit-fyi","EVENTARC_CLOUD_EVENT_SOURCE":"projects/ididit-fyi/locations/us-central1/functions/onRegister"},"runtime":"nodejs16","buildId":"e1162fcf-78f2-4d9d-b040-cc997f1f76f4","buildEnvironmentVariables":{"GOOGLE_NODE_RUN_SCRIPTS":""},"buildName":"projects/756131332156/locations/us-central1/builds/e1162fcf-78f2-4d9d-b040-cc997f1f76f4","dockerRegistry":"ARTIFACT_REGISTRY"},"versionId":"5","updateTime":"2023-11-01T09:25:48Z","buildId":"2807e742-51f4-4975-8df3-12a344639ed3","buildName":"projects/756131332156/locations/us-central1/builds/2807e742-51f4-4975-8df3-12a344639ed3"}}
[debug] [2023-11-01T09:25:57.723Z] [update-default-us-central1-onRegister] Retrying task index 0
[debug] [2023-11-01T09:25:57.724Z] >>> [apiv2][query] GET https://cloudfunctions.googleapis.com/v1/operations/aWRpZGl0LWZ5aS91cy1jZW50cmFsMS9vblJlZ2lzdGVyL2FCVjRtMWRLS0dn [none]
[debug] [2023-11-01T09:25:58.131Z] <<< [apiv2][status] GET https://cloudfunctions.googleapis.com/v1/operations/aWRpZGl0LWZ5aS91cy1jZW50cmFsMS9vblJlZ2lzdGVyL2FCVjRtMWRLS0dn 200
[debug] [2023-11-01T09:25:58.131Z] <<< [apiv2][body] GET https://cloudfunctions.googleapis.com/v1/operations/aWRpZGl0LWZ5aS91cy1jZW50cmFsMS9vblJlZ2lzdGVyL2FCVjRtMWRLS0dn {"name":"operations/aWRpZGl0LWZ5aS91cy1jZW50cmFsMS9vblJlZ2lzdGVyL2FCVjRtMWRLS0dn","metadata":{"@type":"type.googleapis.com/google.cloud.functions.v1.OperationMetadataV1","target":"projects/ididit-fyi/locations/us-central1/functions/onRegister","type":"UPDATE_FUNCTION","request":{"@type":"type.googleapis.com/google.cloud.functions.v1.CloudFunction","name":"projects/ididit-fyi/locations/us-central1/functions/onRegister","eventTrigger":{"eventType":"providers/firebase.auth/eventTypes/user.create","resource":"projects/ididit-fyi","service":"firebaseauth.googleapis.com"},"status":"ACTIVE","entryPoint":"onRegister","updateTime":"2023-11-01T09:09:39.994Z","versionId":"4","labels":{"deployment-tool":"cli-firebase","firebase-functions-hash":"62f5ff43459ddab19688a81d229b9f10f6b3c90b"},"sourceUploadUrl":"https://storage.googleapis.com/uploads-23602131242.us-central1.cloudfunctions.appspot.com/8bb61684-5a26-413e-a7f1-622c82b09c18.zip?GoogleAccessId=service-756131332156@gcf-admin-robot.iam.gserviceaccount.com&Expires=1698832545&Signature=NMRMGf8%2FlGTTU0vMEIGYDoEjYRdL9cgwAD7LBBc5gX7PSejjIrhhrhEehDQrV6bdN87yiO09hpNgrPq27IJvajOgrUUrOm%2FVAkNZb8mrY%2BdD8HiywvkZfVQTJ3wOuJBDAQbv5jCElSmuOhyFDPgclyRXnNIkeLkFmACGE3szXlkIcKHkAVtBG8iC2QbmtoL2YRQUCnlSnnXru7OccbKeY4UoCBlhg0Dk%2FTZOXuu%2BWkm4bPQfnl5UIeUC%2BbHhtRzKIr3YAyANS0xkww853vN8PK02ZTZB8J1GAguAHXB2E36XqnD1d0hX%2FQD03vvDMMvHtGVilHiBAF8VoJgOJK4t3g%3D%3D","environmentVariables":{"FIREBASE_CONFIG":"{\"projectId\":\"ididit-fyi\",\"storageBucket\":\"ididit-fyi.appspot.com\"}","GCLOUD_PROJECT":"ididit-fyi","EVENTARC_CLOUD_EVENT_SOURCE":"projects/ididit-fyi/locations/us-central1/functions/onRegister"},"runtime":"nodejs16","buildId":"e1162fcf-78f2-4d9d-b040-cc997f1f76f4","buildEnvironmentVariables":{"GOOGLE_NODE_RUN_SCRIPTS":""},"buildName":"projects/756131332156/locations/us-central1/builds/e1162fcf-78f2-4d9d-b040-cc997f1f76f4","dockerRegistry":"ARTIFACT_REGISTRY"},"versionId":"5","updateTime":"2023-11-01T09:25:48Z","buildId":"2807e742-51f4-4975-8df3-12a344639ed3","buildName":"projects/756131332156/locations/us-central1/builds/2807e742-51f4-4975-8df3-12a344639ed3"}}
[debug] [2023-11-01T09:26:06.138Z] [update-default-us-central1-onRegister] Retrying task index 0
[debug] [2023-11-01T09:26:06.138Z] >>> [apiv2][query] GET https://cloudfunctions.googleapis.com/v1/operations/aWRpZGl0LWZ5aS91cy1jZW50cmFsMS9vblJlZ2lzdGVyL2FCVjRtMWRLS0dn [none]
[debug] [2023-11-01T09:26:06.495Z] <<< [apiv2][status] GET https://cloudfunctions.googleapis.com/v1/operations/aWRpZGl0LWZ5aS91cy1jZW50cmFsMS9vblJlZ2lzdGVyL2FCVjRtMWRLS0dn 200
[debug] [2023-11-01T09:26:06.495Z] <<< [apiv2][body] GET https://cloudfunctions.googleapis.com/v1/operations/aWRpZGl0LWZ5aS91cy1jZW50cmFsMS9vblJlZ2lzdGVyL2FCVjRtMWRLS0dn {"name":"operations/aWRpZGl0LWZ5aS91cy1jZW50cmFsMS9vblJlZ2lzdGVyL2FCVjRtMWRLS0dn","metadata":{"@type":"type.googleapis.com/google.cloud.functions.v1.OperationMetadataV1","target":"projects/ididit-fyi/locations/us-central1/functions/onRegister","type":"UPDATE_FUNCTION","request":{"@type":"type.googleapis.com/google.cloud.functions.v1.CloudFunction","name":"projects/ididit-fyi/locations/us-central1/functions/onRegister","eventTrigger":{"eventType":"providers/firebase.auth/eventTypes/user.create","resource":"projects/ididit-fyi","service":"firebaseauth.googleapis.com"},"status":"ACTIVE","entryPoint":"onRegister","updateTime":"2023-11-01T09:09:39.994Z","versionId":"4","labels":{"deployment-tool":"cli-firebase","firebase-functions-hash":"62f5ff43459ddab19688a81d229b9f10f6b3c90b"},"sourceUploadUrl":"https://storage.googleapis.com/uploads-23602131242.us-central1.cloudfunctions.appspot.com/8bb61684-5a26-413e-a7f1-622c82b09c18.zip?GoogleAccessId=service-756131332156@gcf-admin-robot.iam.gserviceaccount.com&Expires=1698832545&Signature=NMRMGf8%2FlGTTU0vMEIGYDoEjYRdL9cgwAD7LBBc5gX7PSejjIrhhrhEehDQrV6bdN87yiO09hpNgrPq27IJvajOgrUUrOm%2FVAkNZb8mrY%2BdD8HiywvkZfVQTJ3wOuJBDAQbv5jCElSmuOhyFDPgclyRXnNIkeLkFmACGE3szXlkIcKHkAVtBG8iC2QbmtoL2YRQUCnlSnnXru7OccbKeY4UoCBlhg0Dk%2FTZOXuu%2BWkm4bPQfnl5UIeUC%2BbHhtRzKIr3YAyANS0xkww853vN8PK02ZTZB8J1GAguAHXB2E36XqnD1d0hX%2FQD03vvDMMvHtGVilHiBAF8VoJgOJK4t3g%3D%3D","environmentVariables":{"FIREBASE_CONFIG":"{\"projectId\":\"ididit-fyi\",\"storageBucket\":\"ididit-fyi.appspot.com\"}","GCLOUD_PROJECT":"ididit-fyi","EVENTARC_CLOUD_EVENT_SOURCE":"projects/ididit-fyi/locations/us-central1/functions/onRegister"},"runtime":"nodejs16","buildId":"e1162fcf-78f2-4d9d-b040-cc997f1f76f4","buildEnvironmentVariables":{"GOOGLE_NODE_RUN_SCRIPTS":""},"buildName":"projects/756131332156/locations/us-central1/builds/e1162fcf-78f2-4d9d-b040-cc997f1f76f4","dockerRegistry":"ARTIFACT_REGISTRY"},"versionId":"5","updateTime":"2023-11-01T09:25:48Z","buildId":"2807e742-51f4-4975-8df3-12a344639ed3","buildName":"projects/756131332156/locations/us-central1/builds/2807e742-51f4-4975-8df3-12a344639ed3"}}
[debug] [2023-11-01T09:26:16.496Z] [update-default-us-central1-onRegister] Retrying task index 0
[debug] [2023-11-01T09:26:16.497Z] >>> [apiv2][query] GET https://cloudfunctions.googleapis.com/v1/operations/aWRpZGl0LWZ5aS91cy1jZW50cmFsMS9vblJlZ2lzdGVyL2FCVjRtMWRLS0dn [none]
[debug] [2023-11-01T09:26:17.173Z] <<< [apiv2][status] GET https://cloudfunctions.googleapis.com/v1/operations/aWRpZGl0LWZ5aS91cy1jZW50cmFsMS9vblJlZ2lzdGVyL2FCVjRtMWRLS0dn 200
[debug] [2023-11-01T09:26:17.173Z] <<< [apiv2][body] GET https://cloudfunctions.googleapis.com/v1/operations/aWRpZGl0LWZ5aS91cy1jZW50cmFsMS9vblJlZ2lzdGVyL2FCVjRtMWRLS0dn {"name":"operations/aWRpZGl0LWZ5aS91cy1jZW50cmFsMS9vblJlZ2lzdGVyL2FCVjRtMWRLS0dn","metadata":{"@type":"type.googleapis.com/google.cloud.functions.v1.OperationMetadataV1","target":"projects/ididit-fyi/locations/us-central1/functions/onRegister","type":"UPDATE_FUNCTION","request":{"@type":"type.googleapis.com/google.cloud.functions.v1.CloudFunction","name":"projects/ididit-fyi/locations/us-central1/functions/onRegister","eventTrigger":{"eventType":"providers/firebase.auth/eventTypes/user.create","resource":"projects/ididit-fyi","service":"firebaseauth.googleapis.com"},"status":"ACTIVE","entryPoint":"onRegister","updateTime":"2023-11-01T09:09:39.994Z","versionId":"4","labels":{"deployment-tool":"cli-firebase","firebase-functions-hash":"62f5ff43459ddab19688a81d229b9f10f6b3c90b"},"sourceUploadUrl":"https://storage.googleapis.com/uploads-23602131242.us-central1.cloudfunctions.appspot.com/8bb61684-5a26-413e-a7f1-622c82b09c18.zip?GoogleAccessId=service-756131332156@gcf-admin-robot.iam.gserviceaccount.com&Expires=1698832545&Signature=NMRMGf8%2FlGTTU0vMEIGYDoEjYRdL9cgwAD7LBBc5gX7PSejjIrhhrhEehDQrV6bdN87yiO09hpNgrPq27IJvajOgrUUrOm%2FVAkNZb8mrY%2BdD8HiywvkZfVQTJ3wOuJBDAQbv5jCElSmuOhyFDPgclyRXnNIkeLkFmACGE3szXlkIcKHkAVtBG8iC2QbmtoL2YRQUCnlSnnXru7OccbKeY4UoCBlhg0Dk%2FTZOXuu%2BWkm4bPQfnl5UIeUC%2BbHhtRzKIr3YAyANS0xkww853vN8PK02ZTZB8J1GAguAHXB2E36XqnD1d0hX%2FQD03vvDMMvHtGVilHiBAF8VoJgOJK4t3g%3D%3D","environmentVariables":{"FIREBASE_CONFIG":"{\"projectId\":\"ididit-fyi\",\"storageBucket\":\"ididit-fyi.appspot.com\"}","GCLOUD_PROJECT":"ididit-fyi","EVENTARC_CLOUD_EVENT_SOURCE":"projects/ididit-fyi/locations/us-central1/functions/onRegister"},"runtime":"nodejs16","buildId":"e1162fcf-78f2-4d9d-b040-cc997f1f76f4","buildEnvironmentVariables":{"GOOGLE_NODE_RUN_SCRIPTS":""},"buildName":"projects/756131332156/locations/us-central1/builds/e1162fcf-78f2-4d9d-b040-cc997f1f76f4","dockerRegistry":"ARTIFACT_REGISTRY"},"versionId":"5","updateTime":"2023-11-01T09:25:48Z","buildId":"2807e742-51f4-4975-8df3-12a344639ed3","buildName":"projects/756131332156/locations/us-central1/builds/2807e742-51f4-4975-8df3-12a344639ed3"}}
[debug] [2023-11-01T09:26:27.176Z] [update-default-us-central1-onRegister] Retrying task index 0
[debug] [2023-11-01T09:26:27.176Z] >>> [apiv2][query] GET https://cloudfunctions.googleapis.com/v1/operations/aWRpZGl0LWZ5aS91cy1jZW50cmFsMS9vblJlZ2lzdGVyL2FCVjRtMWRLS0dn [none]
[debug] [2023-11-01T09:26:27.476Z] <<< [apiv2][status] GET https://cloudfunctions.googleapis.com/v1/operations/aWRpZGl0LWZ5aS91cy1jZW50cmFsMS9vblJlZ2lzdGVyL2FCVjRtMWRLS0dn 200
[debug] [2023-11-01T09:26:27.476Z] <<< [apiv2][body] GET https://cloudfunctions.googleapis.com/v1/operations/aWRpZGl0LWZ5aS91cy1jZW50cmFsMS9vblJlZ2lzdGVyL2FCVjRtMWRLS0dn {"name":"operations/aWRpZGl0LWZ5aS91cy1jZW50cmFsMS9vblJlZ2lzdGVyL2FCVjRtMWRLS0dn","metadata":{"@type":"type.googleapis.com/google.cloud.functions.v1.OperationMetadataV1","target":"projects/ididit-fyi/locations/us-central1/functions/onRegister","type":"UPDATE_FUNCTION","request":{"@type":"type.googleapis.com/google.cloud.functions.v1.CloudFunction","name":"projects/ididit-fyi/locations/us-central1/functions/onRegister","eventTrigger":{"eventType":"providers/firebase.auth/eventTypes/user.create","resource":"projects/ididit-fyi","service":"firebaseauth.googleapis.com"},"status":"ACTIVE","entryPoint":"onRegister","updateTime":"2023-11-01T09:09:39.994Z","versionId":"4","labels":{"deployment-tool":"cli-firebase","firebase-functions-hash":"62f5ff43459ddab19688a81d229b9f10f6b3c90b"},"sourceUploadUrl":"https://storage.googleapis.com/uploads-23602131242.us-central1.cloudfunctions.appspot.com/8bb61684-5a26-413e-a7f1-622c82b09c18.zip?GoogleAccessId=service-756131332156@gcf-admin-robot.iam.gserviceaccount.com&Expires=1698832545&Signature=NMRMGf8%2FlGTTU0vMEIGYDoEjYRdL9cgwAD7LBBc5gX7PSejjIrhhrhEehDQrV6bdN87yiO09hpNgrPq27IJvajOgrUUrOm%2FVAkNZb8mrY%2BdD8HiywvkZfVQTJ3wOuJBDAQbv5jCElSmuOhyFDPgclyRXnNIkeLkFmACGE3szXlkIcKHkAVtBG8iC2QbmtoL2YRQUCnlSnnXru7OccbKeY4UoCBlhg0Dk%2FTZOXuu%2BWkm4bPQfnl5UIeUC%2BbHhtRzKIr3YAyANS0xkww853vN8PK02ZTZB8J1GAguAHXB2E36XqnD1d0hX%2FQD03vvDMMvHtGVilHiBAF8VoJgOJK4t3g%3D%3D","environmentVariables":{"FIREBASE_CONFIG":"{\"projectId\":\"ididit-fyi\",\"storageBucket\":\"ididit-fyi.appspot.com\"}","GCLOUD_PROJECT":"ididit-fyi","EVENTARC_CLOUD_EVENT_SOURCE":"projects/ididit-fyi/locations/us-central1/functions/onRegister"},"runtime":"nodejs16","buildId":"e1162fcf-78f2-4d9d-b040-cc997f1f76f4","buildEnvironmentVariables":{"GOOGLE_NODE_RUN_SCRIPTS":""},"buildName":"projects/756131332156/locations/us-central1/builds/e1162fcf-78f2-4d9d-b040-cc997f1f76f4","dockerRegistry":"ARTIFACT_REGISTRY"},"versionId":"5","updateTime":"2023-11-01T09:25:48Z","buildId":"2807e742-51f4-4975-8df3-12a344639ed3","buildName":"projects/756131332156/locations/us-central1/builds/2807e742-51f4-4975-8df3-12a344639ed3"}}
[debug] [2023-11-01T09:26:37.478Z] [update-default-us-central1-onRegister] Retrying task index 0
[debug] [2023-11-01T09:26:37.478Z] >>> [apiv2][query] GET https://cloudfunctions.googleapis.com/v1/operations/aWRpZGl0LWZ5aS91cy1jZW50cmFsMS9vblJlZ2lzdGVyL2FCVjRtMWRLS0dn [none]
[debug] [2023-11-01T09:26:37.819Z] <<< [apiv2][status] GET https://cloudfunctions.googleapis.com/v1/operations/aWRpZGl0LWZ5aS91cy1jZW50cmFsMS9vblJlZ2lzdGVyL2FCVjRtMWRLS0dn 200
[debug] [2023-11-01T09:26:37.819Z] <<< [apiv2][body] GET https://cloudfunctions.googleapis.com/v1/operations/aWRpZGl0LWZ5aS91cy1jZW50cmFsMS9vblJlZ2lzdGVyL2FCVjRtMWRLS0dn {"name":"operations/aWRpZGl0LWZ5aS91cy1jZW50cmFsMS9vblJlZ2lzdGVyL2FCVjRtMWRLS0dn","metadata":{"@type":"type.googleapis.com/google.cloud.functions.v1.OperationMetadataV1","target":"projects/ididit-fyi/locations/us-central1/functions/onRegister","type":"UPDATE_FUNCTION","request":{"@type":"type.googleapis.com/google.cloud.functions.v1.CloudFunction","name":"projects/ididit-fyi/locations/us-central1/functions/onRegister","eventTrigger":{"eventType":"providers/firebase.auth/eventTypes/user.create","resource":"projects/ididit-fyi","service":"firebaseauth.googleapis.com"},"status":"ACTIVE","entryPoint":"onRegister","updateTime":"2023-11-01T09:09:39.994Z","versionId":"4","labels":{"deployment-tool":"cli-firebase","firebase-functions-hash":"62f5ff43459ddab19688a81d229b9f10f6b3c90b"},"sourceUploadUrl":"https://storage.googleapis.com/uploads-23602131242.us-central1.cloudfunctions.appspot.com/8bb61684-5a26-413e-a7f1-622c82b09c18.zip?GoogleAccessId=service-756131332156@gcf-admin-robot.iam.gserviceaccount.com&Expires=1698832545&Signature=NMRMGf8%2FlGTTU0vMEIGYDoEjYRdL9cgwAD7LBBc5gX7PSejjIrhhrhEehDQrV6bdN87yiO09hpNgrPq27IJvajOgrUUrOm%2FVAkNZb8mrY%2BdD8HiywvkZfVQTJ3wOuJBDAQbv5jCElSmuOhyFDPgclyRXnNIkeLkFmACGE3szXlkIcKHkAVtBG8iC2QbmtoL2YRQUCnlSnnXru7OccbKeY4UoCBlhg0Dk%2FTZOXuu%2BWkm4bPQfnl5UIeUC%2BbHhtRzKIr3YAyANS0xkww853vN8PK02ZTZB8J1GAguAHXB2E36XqnD1d0hX%2FQD03vvDMMvHtGVilHiBAF8VoJgOJK4t3g%3D%3D","environmentVariables":{"FIREBASE_CONFIG":"{\"projectId\":\"ididit-fyi\",\"storageBucket\":\"ididit-fyi.appspot.com\"}","GCLOUD_PROJECT":"ididit-fyi","EVENTARC_CLOUD_EVENT_SOURCE":"projects/ididit-fyi/locations/us-central1/functions/onRegister"},"runtime":"nodejs16","buildId":"e1162fcf-78f2-4d9d-b040-cc997f1f76f4","buildEnvironmentVariables":{"GOOGLE_NODE_RUN_SCRIPTS":""},"buildName":"projects/756131332156/locations/us-central1/builds/e1162fcf-78f2-4d9d-b040-cc997f1f76f4","dockerRegistry":"ARTIFACT_REGISTRY"},"versionId":"5","updateTime":"2023-11-01T09:25:48Z","buildId":"2807e742-51f4-4975-8df3-12a344639ed3","sourceToken":"002ba8d1-b419-49e8-9b1d-a4180e8dc947","buildName":"projects/756131332156/locations/us-central1/builds/2807e742-51f4-4975-8df3-12a344639ed3"}}
[debug] [2023-11-01T09:26:37.819Z] Got source token 002ba8d1-b419-49e8-9b1d-a4180e8dc947 for region us-central1
[debug] [2023-11-01T09:26:37.820Z] >>> [apiv2][query] PATCH https://cloudfunctions.googleapis.com/v1/projects/ididit-fyi/locations/us-central1/functions/onUserDelete updateMask=name%2CsourceUploadUrl%2CentryPoint%2Cruntime%2CdockerRegistry%2Clabels%2CeventTrigger.eventType%2CeventTrigger.resource%2CeventTrigger.failurePolicy%2CminInstances%2CmaxInstances%2CingressSettings%2CenvironmentVariables%2CserviceAccountEmail%2CavailableMemoryMb%2Ctimeout%2CvpcConnector%2CvpcConnectorEgressSettings%2CsourceToken%2CbuildEnvironmentVariables
[debug] [2023-11-01T09:26:37.821Z] >>> [apiv2][body] PATCH https://cloudfunctions.googleapis.com/v1/projects/ididit-fyi/locations/us-central1/functions/onUserDelete {"name":"projects/ididit-fyi/locations/us-central1/functions/onUserDelete","sourceUploadUrl":"https://storage.googleapis.com/uploads-23602131242.us-central1.cloudfunctions.appspot.com/8bb61684-5a26-413e-a7f1-622c82b09c18.zip?GoogleAccessId=service-756131332156@gcf-admin-robot.iam.gserviceaccount.com&Expires=1698832545&Signature=NMRMGf8%2FlGTTU0vMEIGYDoEjYRdL9cgwAD7LBBc5gX7PSejjIrhhrhEehDQrV6bdN87yiO09hpNgrPq27IJvajOgrUUrOm%2FVAkNZb8mrY%2BdD8HiywvkZfVQTJ3wOuJBDAQbv5jCElSmuOhyFDPgclyRXnNIkeLkFmACGE3szXlkIcKHkAVtBG8iC2QbmtoL2YRQUCnlSnnXru7OccbKeY4UoCBlhg0Dk%2FTZOXuu%2BWkm4bPQfnl5UIeUC%2BbHhtRzKIr3YAyANS0xkww853vN8PK02ZTZB8J1GAguAHXB2E36XqnD1d0hX%2FQD03vvDMMvHtGVilHiBAF8VoJgOJK4t3g%3D%3D","entryPoint":"onUserDelete","runtime":"nodejs16","dockerRegistry":"ARTIFACT_REGISTRY","labels":{"deployment-tool":"cli-firebase","firebase-functions-hash":"62f5ff43459ddab19688a81d229b9f10f6b3c90b"},"eventTrigger":{"eventType":"providers/firebase.auth/eventTypes/user.delete","resource":"projects/ididit-fyi"},"minInstances":null,"maxInstances":null,"ingressSettings":null,"environmentVariables":{"FIREBASE_CONFIG":"{\"projectId\":\"ididit-fyi\",\"storageBucket\":\"ididit-fyi.appspot.com\"}","GCLOUD_PROJECT":"ididit-fyi","EVENTARC_CLOUD_EVENT_SOURCE":"projects/ididit-fyi/locations/us-central1/functions/onUserDelete"},"serviceAccountEmail":null,"availableMemoryMb":null,"timeout":null,"vpcConnector":null,"vpcConnectorEgressSettings":null,"sourceToken":"002ba8d1-b419-49e8-9b1d-a4180e8dc947","buildEnvironmentVariables":{"GOOGLE_NODE_RUN_SCRIPTS":""}}
[debug] [2023-11-01T09:26:38.398Z] <<< [apiv2][status] PATCH https://cloudfunctions.googleapis.com/v1/projects/ididit-fyi/locations/us-central1/functions/onUserDelete 200
[debug] [2023-11-01T09:26:38.398Z] <<< [apiv2][body] PATCH https://cloudfunctions.googleapis.com/v1/projects/ididit-fyi/locations/us-central1/functions/onUserDelete {"name":"operations/aWRpZGl0LWZ5aS91cy1jZW50cmFsMS9vblVzZXJEZWxldGUvTThyaFNReElGbVE","metadata":{"@type":"type.googleapis.com/google.cloud.functions.v1.OperationMetadataV1","target":"projects/ididit-fyi/locations/us-central1/functions/onUserDelete","type":"UPDATE_FUNCTION","request":{"@type":"type.googleapis.com/google.cloud.functions.v1.CloudFunction","name":"projects/ididit-fyi/locations/us-central1/functions/onUserDelete","eventTrigger":{"eventType":"providers/firebase.auth/eventTypes/user.delete","resource":"projects/ididit-fyi","service":"firebaseauth.googleapis.com"},"status":"ACTIVE","entryPoint":"onUserDelete","updateTime":"2023-11-01T09:09:53.647Z","versionId":"3","labels":{"deployment-tool":"cli-firebase","firebase-functions-hash":"62f5ff43459ddab19688a81d229b9f10f6b3c90b"},"sourceUploadUrl":"https://storage.googleapis.com/uploads-23602131242.us-central1.cloudfunctions.appspot.com/8bb61684-5a26-413e-a7f1-622c82b09c18.zip?GoogleAccessId=service-756131332156@gcf-admin-robot.iam.gserviceaccount.com&Expires=1698832545&Signature=NMRMGf8%2FlGTTU0vMEIGYDoEjYRdL9cgwAD7LBBc5gX7PSejjIrhhrhEehDQrV6bdN87yiO09hpNgrPq27IJvajOgrUUrOm%2FVAkNZb8mrY%2BdD8HiywvkZfVQTJ3wOuJBDAQbv5jCElSmuOhyFDPgclyRXnNIkeLkFmACGE3szXlkIcKHkAVtBG8iC2QbmtoL2YRQUCnlSnnXru7OccbKeY4UoCBlhg0Dk%2FTZOXuu%2BWkm4bPQfnl5UIeUC%2BbHhtRzKIr3YAyANS0xkww853vN8PK02ZTZB8J1GAguAHXB2E36XqnD1d0hX%2FQD03vvDMMvHtGVilHiBAF8VoJgOJK4t3g%3D%3D","environmentVariables":{"FIREBASE_CONFIG":"{\"projectId\":\"ididit-fyi\",\"storageBucket\":\"ididit-fyi.appspot.com\"}","GCLOUD_PROJECT":"ididit-fyi","EVENTARC_CLOUD_EVENT_SOURCE":"projects/ididit-fyi/locations/us-central1/functions/onUserDelete"},"runtime":"nodejs16","buildId":"e1162fcf-78f2-4d9d-b040-cc997f1f76f4","buildEnvironmentVariables":{"GOOGLE_NODE_RUN_SCRIPTS":""},"sourceToken":"002ba8d1-b419-49e8-9b1d-a4180e8dc947","buildName":"projects/756131332156/locations/us-central1/builds/e1162fcf-78f2-4d9d-b040-cc997f1f76f4","dockerRegistry":"ARTIFACT_REGISTRY"},"versionId":"4","updateTime":"2023-11-01T09:26:38Z","sourceToken":"002ba8d1-b419-49e8-9b1d-a4180e8dc947"}}
[debug] [2023-11-01T09:26:38.398Z] >>> [apiv2][query] GET https://cloudfunctions.googleapis.com/v1/operations/aWRpZGl0LWZ5aS91cy1jZW50cmFsMS9vblVzZXJEZWxldGUvTThyaFNReElGbVE [none]
[debug] [2023-11-01T09:26:38.976Z] <<< [apiv2][status] GET https://cloudfunctions.googleapis.com/v1/operations/aWRpZGl0LWZ5aS91cy1jZW50cmFsMS9vblVzZXJEZWxldGUvTThyaFNReElGbVE 200
[debug] [2023-11-01T09:26:38.976Z] <<< [apiv2][body] GET https://cloudfunctions.googleapis.com/v1/operations/aWRpZGl0LWZ5aS91cy1jZW50cmFsMS9vblVzZXJEZWxldGUvTThyaFNReElGbVE {"name":"operations/aWRpZGl0LWZ5aS91cy1jZW50cmFsMS9vblVzZXJEZWxldGUvTThyaFNReElGbVE","metadata":{"@type":"type.googleapis.com/google.cloud.functions.v1.OperationMetadataV1","target":"projects/ididit-fyi/locations/us-central1/functions/onUserDelete","type":"UPDATE_FUNCTION","request":{"@type":"type.googleapis.com/google.cloud.functions.v1.CloudFunction","name":"projects/ididit-fyi/locations/us-central1/functions/onUserDelete","eventTrigger":{"eventType":"providers/firebase.auth/eventTypes/user.delete","resource":"projects/ididit-fyi","service":"firebaseauth.googleapis.com"},"status":"ACTIVE","entryPoint":"onUserDelete","updateTime":"2023-11-01T09:09:53.647Z","versionId":"3","labels":{"deployment-tool":"cli-firebase","firebase-functions-hash":"62f5ff43459ddab19688a81d229b9f10f6b3c90b"},"sourceUploadUrl":"https://storage.googleapis.com/uploads-23602131242.us-central1.cloudfunctions.appspot.com/8bb61684-5a26-413e-a7f1-622c82b09c18.zip?GoogleAccessId=service-756131332156@gcf-admin-robot.iam.gserviceaccount.com&Expires=1698832545&Signature=NMRMGf8%2FlGTTU0vMEIGYDoEjYRdL9cgwAD7LBBc5gX7PSejjIrhhrhEehDQrV6bdN87yiO09hpNgrPq27IJvajOgrUUrOm%2FVAkNZb8mrY%2BdD8HiywvkZfVQTJ3wOuJBDAQbv5jCElSmuOhyFDPgclyRXnNIkeLkFmACGE3szXlkIcKHkAVtBG8iC2QbmtoL2YRQUCnlSnnXru7OccbKeY4UoCBlhg0Dk%2FTZOXuu%2BWkm4bPQfnl5UIeUC%2BbHhtRzKIr3YAyANS0xkww853vN8PK02ZTZB8J1GAguAHXB2E36XqnD1d0hX%2FQD03vvDMMvHtGVilHiBAF8VoJgOJK4t3g%3D%3D","environmentVariables":{"FIREBASE_CONFIG":"{\"projectId\":\"ididit-fyi\",\"storageBucket\":\"ididit-fyi.appspot.com\"}","GCLOUD_PROJECT":"ididit-fyi","EVENTARC_CLOUD_EVENT_SOURCE":"projects/ididit-fyi/locations/us-central1/functions/onUserDelete"},"runtime":"nodejs16","buildId":"e1162fcf-78f2-4d9d-b040-cc997f1f76f4","buildEnvironmentVariables":{"GOOGLE_NODE_RUN_SCRIPTS":""},"sourceToken":"002ba8d1-b419-49e8-9b1d-a4180e8dc947","buildName":"projects/756131332156/locations/us-central1/builds/e1162fcf-78f2-4d9d-b040-cc997f1f76f4","dockerRegistry":"ARTIFACT_REGISTRY"},"versionId":"4","updateTime":"2023-11-01T09:26:38Z","buildId":"2807e742-51f4-4975-8df3-12a344639ed3","sourceToken":"002ba8d1-b419-49e8-9b1d-a4180e8dc947","buildName":"projects/756131332156/locations/us-central1/builds/2807e742-51f4-4975-8df3-12a344639ed3"}}
[debug] [2023-11-01T09:26:38.976Z] Got source token 002ba8d1-b419-49e8-9b1d-a4180e8dc947 for region us-central1
[debug] [2023-11-01T09:26:39.476Z] [update-default-us-central1-onUserDelete] Retrying task index 0
[debug] [2023-11-01T09:26:39.476Z] >>> [apiv2][query] GET https://cloudfunctions.googleapis.com/v1/operations/aWRpZGl0LWZ5aS91cy1jZW50cmFsMS9vblVzZXJEZWxldGUvTThyaFNReElGbVE [none]
[debug] [2023-11-01T09:26:39.792Z] <<< [apiv2][status] GET https://cloudfunctions.googleapis.com/v1/operations/aWRpZGl0LWZ5aS91cy1jZW50cmFsMS9vblVzZXJEZWxldGUvTThyaFNReElGbVE 200
[debug] [2023-11-01T09:26:39.794Z] <<< [apiv2][body] GET https://cloudfunctions.googleapis.com/v1/operations/aWRpZGl0LWZ5aS91cy1jZW50cmFsMS9vblVzZXJEZWxldGUvTThyaFNReElGbVE {"name":"operations/aWRpZGl0LWZ5aS91cy1jZW50cmFsMS9vblVzZXJEZWxldGUvTThyaFNReElGbVE","metadata":{"@type":"type.googleapis.com/google.cloud.functions.v1.OperationMetadataV1","target":"projects/ididit-fyi/locations/us-central1/functions/onUserDelete","type":"UPDATE_FUNCTION","request":{"@type":"type.googleapis.com/google.cloud.functions.v1.CloudFunction","name":"projects/ididit-fyi/locations/us-central1/functions/onUserDelete","eventTrigger":{"eventType":"providers/firebase.auth/eventTypes/user.delete","resource":"projects/ididit-fyi","service":"firebaseauth.googleapis.com"},"status":"ACTIVE","entryPoint":"onUserDelete","updateTime":"2023-11-01T09:09:53.647Z","versionId":"3","labels":{"deployment-tool":"cli-firebase","firebase-functions-hash":"62f5ff43459ddab19688a81d229b9f10f6b3c90b"},"sourceUploadUrl":"https://storage.googleapis.com/uploads-23602131242.us-central1.cloudfunctions.appspot.com/8bb61684-5a26-413e-a7f1-622c82b09c18.zip?GoogleAccessId=service-756131332156@gcf-admin-robot.iam.gserviceaccount.com&Expires=1698832545&Signature=NMRMGf8%2FlGTTU0vMEIGYDoEjYRdL9cgwAD7LBBc5gX7PSejjIrhhrhEehDQrV6bdN87yiO09hpNgrPq27IJvajOgrUUrOm%2FVAkNZb8mrY%2BdD8HiywvkZfVQTJ3wOuJBDAQbv5jCElSmuOhyFDPgclyRXnNIkeLkFmACGE3szXlkIcKHkAVtBG8iC2QbmtoL2YRQUCnlSnnXru7OccbKeY4UoCBlhg0Dk%2FTZOXuu%2BWkm4bPQfnl5UIeUC%2BbHhtRzKIr3YAyANS0xkww853vN8PK02ZTZB8J1GAguAHXB2E36XqnD1d0hX%2FQD03vvDMMvHtGVilHiBAF8VoJgOJK4t3g%3D%3D","environmentVariables":{"FIREBASE_CONFIG":"{\"projectId\":\"ididit-fyi\",\"storageBucket\":\"ididit-fyi.appspot.com\"}","GCLOUD_PROJECT":"ididit-fyi","EVENTARC_CLOUD_EVENT_SOURCE":"projects/ididit-fyi/locations/us-central1/functions/onUserDelete"},"runtime":"nodejs16","buildId":"e1162fcf-78f2-4d9d-b040-cc997f1f76f4","buildEnvironmentVariables":{"GOOGLE_NODE_RUN_SCRIPTS":""},"sourceToken":"002ba8d1-b419-49e8-9b1d-a4180e8dc947","buildName":"projects/756131332156/locations/us-central1/builds/e1162fcf-78f2-4d9d-b040-cc997f1f76f4","dockerRegistry":"ARTIFACT_REGISTRY"},"versionId":"4","updateTime":"2023-11-01T09:26:38Z","buildId":"2807e742-51f4-4975-8df3-12a344639ed3","sourceToken":"002ba8d1-b419-49e8-9b1d-a4180e8dc947","buildName":"projects/756131332156/locations/us-central1/builds/2807e742-51f4-4975-8df3-12a344639ed3"}}
[debug] [2023-11-01T09:26:39.794Z] Got source token 002ba8d1-b419-49e8-9b1d-a4180e8dc947 for region us-central1
[debug] [2023-11-01T09:26:40.795Z] [update-default-us-central1-onUserDelete] Retrying task index 0
[debug] [2023-11-01T09:26:40.796Z] >>> [apiv2][query] GET https://cloudfunctions.googleapis.com/v1/operations/aWRpZGl0LWZ5aS91cy1jZW50cmFsMS9vblVzZXJEZWxldGUvTThyaFNReElGbVE [none]
[debug] [2023-11-01T09:26:41.367Z] <<< [apiv2][status] GET https://cloudfunctions.googleapis.com/v1/operations/aWRpZGl0LWZ5aS91cy1jZW50cmFsMS9vblVzZXJEZWxldGUvTThyaFNReElGbVE 200
[debug] [2023-11-01T09:26:41.367Z] <<< [apiv2][body] GET https://cloudfunctions.googleapis.com/v1/operations/aWRpZGl0LWZ5aS91cy1jZW50cmFsMS9vblVzZXJEZWxldGUvTThyaFNReElGbVE {"name":"operations/aWRpZGl0LWZ5aS91cy1jZW50cmFsMS9vblVzZXJEZWxldGUvTThyaFNReElGbVE","metadata":{"@type":"type.googleapis.com/google.cloud.functions.v1.OperationMetadataV1","target":"projects/ididit-fyi/locations/us-central1/functions/onUserDelete","type":"UPDATE_FUNCTION","request":{"@type":"type.googleapis.com/google.cloud.functions.v1.CloudFunction","name":"projects/ididit-fyi/locations/us-central1/functions/onUserDelete","eventTrigger":{"eventType":"providers/firebase.auth/eventTypes/user.delete","resource":"projects/ididit-fyi","service":"firebaseauth.googleapis.com"},"status":"ACTIVE","entryPoint":"onUserDelete","updateTime":"2023-11-01T09:09:53.647Z","versionId":"3","labels":{"deployment-tool":"cli-firebase","firebase-functions-hash":"62f5ff43459ddab19688a81d229b9f10f6b3c90b"},"sourceUploadUrl":"https://storage.googleapis.com/uploads-23602131242.us-central1.cloudfunctions.appspot.com/8bb61684-5a26-413e-a7f1-622c82b09c18.zip?GoogleAccessId=service-756131332156@gcf-admin-robot.iam.gserviceaccount.com&Expires=1698832545&Signature=NMRMGf8%2FlGTTU0vMEIGYDoEjYRdL9cgwAD7LBBc5gX7PSejjIrhhrhEehDQrV6bdN87yiO09hpNgrPq27IJvajOgrUUrOm%2FVAkNZb8mrY%2BdD8HiywvkZfVQTJ3wOuJBDAQbv5jCElSmuOhyFDPgclyRXnNIkeLkFmACGE3szXlkIcKHkAVtBG8iC2QbmtoL2YRQUCnlSnnXru7OccbKeY4UoCBlhg0Dk%2FTZOXuu%2BWkm4bPQfnl5UIeUC%2BbHhtRzKIr3YAyANS0xkww853vN8PK02ZTZB8J1GAguAHXB2E36XqnD1d0hX%2FQD03vvDMMvHtGVilHiBAF8VoJgOJK4t3g%3D%3D","environmentVariables":{"FIREBASE_CONFIG":"{\"projectId\":\"ididit-fyi\",\"storageBucket\":\"ididit-fyi.appspot.com\"}","GCLOUD_PROJECT":"ididit-fyi","EVENTARC_CLOUD_EVENT_SOURCE":"projects/ididit-fyi/locations/us-central1/functions/onUserDelete"},"runtime":"nodejs16","buildId":"e1162fcf-78f2-4d9d-b040-cc997f1f76f4","buildEnvironmentVariables":{"GOOGLE_NODE_RUN_SCRIPTS":""},"sourceToken":"002ba8d1-b419-49e8-9b1d-a4180e8dc947","buildName":"projects/756131332156/locations/us-central1/builds/e1162fcf-78f2-4d9d-b040-cc997f1f76f4","dockerRegistry":"ARTIFACT_REGISTRY"},"versionId":"4","updateTime":"2023-11-01T09:26:38Z","buildId":"2807e742-51f4-4975-8df3-12a344639ed3","sourceToken":"002ba8d1-b419-49e8-9b1d-a4180e8dc947","buildName":"projects/756131332156/locations/us-central1/builds/2807e742-51f4-4975-8df3-12a344639ed3"}}
[debug] [2023-11-01T09:26:41.367Z] Got source token 002ba8d1-b419-49e8-9b1d-a4180e8dc947 for region us-central1
