[debug] [2023-09-29T16:04:30.403Z] ----------------------------------------------------------------------
[debug] [2023-09-29T16:04:30.405Z] Command:       /Users/Coding/.nvm/versions/node/v16.15.1/bin/node /Users/Coding/Library/pnpm/global/5/node_modules/firebase-tools/lib/bin/firebase.js emulators:start
[debug] [2023-09-29T16:04:30.406Z] CLI Version:   12.6.1
[debug] [2023-09-29T16:04:30.406Z] Platform:      darwin
[debug] [2023-09-29T16:04:30.406Z] Node Version:  v16.15.1
[debug] [2023-09-29T16:04:30.408Z] Time:          Fri Sep 29 2023 18:04:30 GMT+0200 (Central European Summer Time)
[debug] [2023-09-29T16:04:30.408Z] ----------------------------------------------------------------------
[debug] 
[debug] [2023-09-29T16:04:30.511Z] > command requires scopes: ["email","openid","https://www.googleapis.com/auth/cloudplatformprojects.readonly","https://www.googleapis.com/auth/firebase","https://www.googleapis.com/auth/cloud-platform"]
[debug] [2023-09-29T16:04:30.511Z] > authorizing via signed-in user (volspree@gmail.com)
[info] i  emulators: Starting emulators: auth, hosting {"metadata":{"emulator":{"name":"hub"},"message":"Starting emulators: auth, hosting"}}
[debug] [2023-09-29T16:04:31.037Z] [logging] Logging Emulator only supports listening on one address (127.0.0.1). Not listening on ::1
[debug] [2023-09-29T16:04:31.038Z] [auth] Authentication Emulator only supports listening on one address (127.0.0.1). Not listening on ::1
[debug] [2023-09-29T16:04:31.038Z] [hosting] Hosting Emulator only supports listening on one address (127.0.0.1). Not listening on ::1
[debug] [2023-09-29T16:04:31.038Z] assigned listening specs for emulators {"user":{"hub":[{"address":"127.0.0.1","family":"IPv4","port":4400},{"address":"::1","family":"IPv6","port":4400}],"ui":[{"address":"127.0.0.1","family":"IPv4","port":4000},{"address":"::1","family":"IPv6","port":4000}],"logging":[{"address":"127.0.0.1","family":"IPv4","port":4500}],"auth":[{"address":"127.0.0.1","family":"IPv4","port":9099}],"hosting":[{"address":"127.0.0.1","family":"IPv4","port":5000}]},"metadata":{"message":"assigned listening specs for emulators"}}
[debug] [2023-09-29T16:04:31.055Z] [hub] writing locator at /var/folders/d8/xmcpcj611wg8s4sgxw2n6lmw0000gp/T/hub-ididit-fyi.json
[debug] [2023-09-29T16:04:31.072Z] >>> [apiv2][query] GET https://firebase.googleapis.com/v1beta1/projects/ididit-fyi [none]
[debug] [2023-09-29T16:04:31.593Z] <<< [apiv2][status] GET https://firebase.googleapis.com/v1beta1/projects/ididit-fyi 200
[debug] [2023-09-29T16:04:31.593Z] <<< [apiv2][body] GET https://firebase.googleapis.com/v1beta1/projects/ididit-fyi {"projectId":"ididit-fyi","projectNumber":"756131332156","displayName":"ididit-fyi","name":"projects/ididit-fyi","resources":{"hostingSite":"ididit-fyi"},"state":"ACTIVE","etag":"1_d3228732-efbd-455f-9b28-c0d47be0e64a"}
[debug] [2023-09-29T16:04:42.116Z] >>> [apiv2][query] GET https://firebasehosting.googleapis.com/v1beta1/projects/ididit-fyi/sites pageToken=&pageSize=10
[debug] [2023-09-29T16:04:43.219Z] <<< [apiv2][status] GET https://firebasehosting.googleapis.com/v1beta1/projects/ididit-fyi/sites 200
[debug] [2023-09-29T16:04:43.220Z] <<< [apiv2][body] GET https://firebasehosting.googleapis.com/v1beta1/projects/ididit-fyi/sites {"sites":[{"name":"projects/ididit-fyi/sites/ididit-fyi","defaultUrl":"https://ididit-fyi.web.app","appId":"1:756131332156:web:89739ebc181c25ddb80339","type":"DEFAULT_SITE"}]}
[debug] [2023-09-29T16:04:43.220Z] >>> [apiv2][query] GET https://firebase.googleapis.com/v1beta1/projects/-/webApps/1:756131332156:web:89739ebc181c25ddb80339/config [none]
[debug] [2023-09-29T16:04:44.183Z] <<< [apiv2][status] GET https://firebase.googleapis.com/v1beta1/projects/-/webApps/1:756131332156:web:89739ebc181c25ddb80339/config 200
[debug] [2023-09-29T16:04:44.183Z] <<< [apiv2][body] GET https://firebase.googleapis.com/v1beta1/projects/-/webApps/1:756131332156:web:89739ebc181c25ddb80339/config {"projectId":"ididit-fyi","appId":"1:756131332156:web:89739ebc181c25ddb80339","storageBucket":"ididit-fyi.appspot.com","apiKey":"AIzaSyD6o7Yq4_ORCXQqbCLo-w1MbR08EcDjeTo","authDomain":"ididit-fyi.firebaseapp.com","messagingSenderId":"756131332156","measurementId":"G-0TD15L5HEY"}
[info] 
   Thank you for trying our experimental support for SvelteKit on Firebase Hosting.
   While this integration is maintained by Googlers it is not a supported Firebase product.
   Issues filed on GitHub will be addressed on a best-effort basis by maintainers and other community members.

   Documentation: https://firebase.google.com/docs/hosting/frameworks/frameworks-overview
   File a bug: https://github.com/firebase/firebase-tools/issues/new?template=bug_report.md
   Submit a feature request: https://github.com/firebase/firebase-tools/issues/new?template=feature_request.md

   We'd love to learn from you. Express your interest in helping us shape the future of Firebase Hosting: https://goo.gle/41enW5X

[debug] [2023-09-29T16:05:05.389Z] [web frameworks] effective firebase.json:  {
  "hosting": [
    {
      "source": ".",
      "ignore": [
        "firebase.json",
        "**/.*",
        "**/node_modules/**"
      ],
      "frameworksBackend": {
        "region": "us-central1"
      },
      "site": "ididit-fyi",
      "rewrites": [],
      "redirects": [],
      "headers": [
        {
          "source": "**/*.[jt]s",
          "headers": [
            {
              "key": "Set-Cookie",
              "value": "__FIREBASE_DEFAULTS__=eyJlbXVsYXRvckhvc3RzIjp7ImF1dGgiOiIxMjcuMC4wLjE6OTA5OSJ9LCJjb25maWciOnsicHJvamVjdElkIjoiaWRpZGl0LWZ5aSIsImFwcElkIjoiMTo3NTYxMzEzMzIxNTY6d2ViOjg5NzM5ZWJjMTgxYzI1ZGRiODAzMzkiLCJzdG9yYWdlQnVja2V0IjoiaWRpZGl0LWZ5aS5hcHBzcG90LmNvbSIsImFwaUtleSI6IkFJemFTeUQ2bzdZcTRfT1JDWFFxYkNMby13MU1iUjA4RWNEamVUbyIsImF1dGhEb21haW4iOiJpZGlkaXQtZnlpLmZpcmViYXNlYXBwLmNvbSIsIm1lc3NhZ2luZ1NlbmRlcklkIjoiNzU2MTMxMzMyMTU2IiwibWVhc3VyZW1lbnRJZCI6IkctMFREMTVMNUhFWSJ9fQ; SameSite=Strict; Expires=2025-08-24T02:45:05.389Z; Path=/;"
            }
          ]
        }
      ],
      "cleanUrls": true,
      "public": "static",
      "webFramework": "svelekit"
    }
  ]
}
[debug] [2023-09-29T16:05:25.837Z] >>> [apiv2][query] GET https://firebasehosting.googleapis.com/v1beta1/projects/ididit-fyi/sites 
[debug] [2023-09-29T16:05:26.908Z] <<< [apiv2][status] GET https://firebasehosting.googleapis.com/v1beta1/projects/ididit-fyi/sites 200
[debug] [2023-09-29T16:05:26.909Z] <<< [apiv2][body] GET https://firebasehosting.googleapis.com/v1beta1/projects/ididit-fyi/sites {"sites":[{"name":"projects/ididit-fyi/sites/ididit-fyi","defaultUrl":"https://ididit-fyi.web.app","appId":"1:756131332156:web:89739ebc181c25ddb80339","type":"DEFAULT_SITE"}]}
[debug] [2023-09-29T16:05:26.909Z] >>> [apiv2][query] GET https://firebase.googleapis.com/v1beta1/projects/ididit-fyi/webApps/1:756131332156:web:89739ebc181c25ddb80339/config [none]
[debug] [2023-09-29T16:05:27.743Z] <<< [apiv2][status] GET https://firebase.googleapis.com/v1beta1/projects/ididit-fyi/webApps/1:756131332156:web:89739ebc181c25ddb80339/config 200
[debug] [2023-09-29T16:05:27.743Z] <<< [apiv2][body] GET https://firebase.googleapis.com/v1beta1/projects/ididit-fyi/webApps/1:756131332156:web:89739ebc181c25ddb80339/config {"projectId":"ididit-fyi","appId":"1:756131332156:web:89739ebc181c25ddb80339","storageBucket":"ididit-fyi.appspot.com","apiKey":"AIzaSyD6o7Yq4_ORCXQqbCLo-w1MbR08EcDjeTo","authDomain":"ididit-fyi.firebaseapp.com","messagingSenderId":"756131332156","measurementId":"G-0TD15L5HEY"}
[info] i  hosting[ididit-fyi]: Serving hosting files from: static {"metadata":{"emulator":{"name":"hosting"},"message":"Serving hosting files from: \u001b[1mstatic\u001b[22m"}}
[info] ✔  hosting[ididit-fyi]: Local server: http://127.0.0.1:5000 {"metadata":{"emulator":{"name":"hosting"},"message":"Local server: \u001b[4m\u001b[1mhttp://127.0.0.1:5000\u001b[22m\u001b[24m"}}
[debug] [2023-09-29T16:05:27.870Z] Ignoring unsupported arg: auto_download {"metadata":{"emulator":{"name":"ui"},"message":"Ignoring unsupported arg: auto_download"}}
[debug] [2023-09-29T16:05:27.870Z] Ignoring unsupported arg: port {"metadata":{"emulator":{"name":"ui"},"message":"Ignoring unsupported arg: port"}}
[debug] [2023-09-29T16:05:27.871Z] Starting Emulator UI with command {"binary":"node","args":["/Users/Coding/.cache/firebase/emulators/ui-v1.11.7/server/server.js"],"optionalArgs":[],"joinArgs":false} {"metadata":{"emulator":{"name":"ui"},"message":"Starting Emulator UI with command {\"binary\":\"node\",\"args\":[\"/Users/Coding/.cache/firebase/emulators/ui-v1.11.7/server/server.js\"],\"optionalArgs\":[],\"joinArgs\":false}"}}
[info] i  ui: Emulator UI logging to ui-debug.log {"metadata":{"emulator":{"name":"ui"},"message":"Emulator UI logging to \u001b[1mui-debug.log\u001b[22m"}}
[debug] [2023-09-29T16:05:28.098Z] Web / API server started at 127.0.0.1:4000
 {"metadata":{"emulator":{"name":"ui"},"message":"Web / API server started at 127.0.0.1:4000\n"}}
[debug] [2023-09-29T16:05:28.098Z] Web / API server started at ::1:4000
 {"metadata":{"emulator":{"name":"ui"},"message":"Web / API server started at ::1:4000\n"}}
[info] 
┌─────────────────────────────────────────────────────────────┐
│ ✔  All emulators ready! It is now safe to connect your app. │
│ i  View Emulator UI at http://127.0.0.1:4000/               │
└─────────────────────────────────────────────────────────────┘

┌────────────────┬────────────────┬────────────────────────────┐
│ Emulator       │ Host:Port      │ View in Emulator UI        │
├────────────────┼────────────────┼────────────────────────────┤
│ Authentication │ 127.0.0.1:9099 │ http://127.0.0.1:4000/auth │
├────────────────┼────────────────┼────────────────────────────┤
│ Hosting        │ 127.0.0.1:5000 │ n/a                        │
└────────────────┴────────────────┴────────────────────────────┘
  Emulator Hub running at 127.0.0.1:4400
  Other reserved ports: 4500

Issues? Report them at https://github.com/firebase/firebase-tools/issues and attach the *-debug.log files.
 
[debug] [2023-09-29T17:14:16.179Z] Received signal SIGHUP 1
[info]  
[info] i  emulators: Received SIGHUP for the first time. Starting a clean shutdown. 
[info] i  emulators: Please wait for a clean shutdown or send the SIGHUP signal again to stop right now. 
[info] i  emulators: Shutting down emulators. {"metadata":{"emulator":{"name":"hub"},"message":"Shutting down emulators."}}
[info] i  ui: Stopping Emulator UI {"metadata":{"emulator":{"name":"ui"},"message":"Stopping Emulator UI"}}
[warn] ⚠  Emulator UI has exited upon receiving signal: SIGINT 
[debug] [2023-09-29T17:14:16.324Z] Error: write EIO
    at afterWriteDispatched (node:internal/stream_base_commons:160:15)
    at writeGeneric (node:internal/stream_base_commons:151:3)
    at WriteStream.Socket._writeGeneric (node:net:817:11)
    at WriteStream.Socket._write (node:net:829:8)
    at writeOrBuffer (node:internal/streams/writable:389:12)
    at _write (node:internal/streams/writable:330:10)
    at WriteStream.Writable.write (node:internal/streams/writable:334:10)
    at Console.log (/Users/Coding/Library/pnpm/global/5/.pnpm/winston@3.10.0/node_modules/winston/lib/winston/transports/console.js:79:23)
    at Console._write (/Users/Coding/Library/pnpm/global/5/.pnpm/winston-transport@4.5.0/node_modules/winston-transport/index.js:103:17)
    at doWrite (/Users/Coding/Library/pnpm/global/5/.pnpm/readable-stream@3.6.2/node_modules/readable-stream/lib/_stream_writable.js:390:139)
[error] 
[error] Error: An unexpected error has occurred.
[debug] [2023-09-29T17:14:16.326Z] Received signal SIGHUP 2
[info]  
[debug] [2023-09-29T17:14:16.327Z] Skipping clean onExit() and cleanShutdown()
[warn] ⚠  emulators: Received SIGHUP 2 times. You have forced the Emulator Suite to exit without waiting for 1 subprocess to finish. These processes may still be running on your machine:  
[info] 
┌─────────────┬────────────────┬───────┐
│ Emulator    │ Host:Port      │ PID   │
├─────────────┼────────────────┼───────┤
│ Emulator UI │ 127.0.0.1:4000 │ 49224 │
└─────────────┴────────────────┴───────┘

To force them to exit run:

[info] kill 49224

[debug] [2023-09-29T17:14:16.332Z] Error: write EIO
    at afterWriteDispatched (node:internal/stream_base_commons:160:15)
    at writeGeneric (node:internal/stream_base_commons:151:3)
    at WriteStream.Socket._writeGeneric (node:net:817:11)
    at WriteStream.Socket._write (node:net:829:8)
    at writeOrBuffer (node:internal/streams/writable:389:12)
    at _write (node:internal/streams/writable:330:10)
    at WriteStream.Writable.write (node:internal/streams/writable:334:10)
    at Console.log (/Users/Coding/Library/pnpm/global/5/.pnpm/winston@3.10.0/node_modules/winston/lib/winston/transports/console.js:79:23)
    at Console._write (/Users/Coding/Library/pnpm/global/5/.pnpm/winston-transport@4.5.0/node_modules/winston-transport/index.js:103:17)
    at doWrite (/Users/Coding/Library/pnpm/global/5/.pnpm/readable-stream@3.6.2/node_modules/readable-stream/lib/_stream_writable.js:390:139)
[error] 
[error] Error: An unexpected error has occurred.
[debug] [2023-09-29T17:14:16.333Z] Error: write EIO
    at afterWriteDispatched (node:internal/stream_base_commons:160:15)
    at writeGeneric (node:internal/stream_base_commons:151:3)
    at WriteStream.Socket._writeGeneric (node:net:817:11)
    at WriteStream.Socket._write (node:net:829:8)
    at writeOrBuffer (node:internal/streams/writable:389:12)
    at _write (node:internal/streams/writable:330:10)
    at WriteStream.Writable.write (node:internal/streams/writable:334:10)
    at Console.log (/Users/Coding/Library/pnpm/global/5/.pnpm/winston@3.10.0/node_modules/winston/lib/winston/transports/console.js:79:23)
    at Console._write (/Users/Coding/Library/pnpm/global/5/.pnpm/winston-transport@4.5.0/node_modules/winston-transport/index.js:103:17)
    at doWrite (/Users/Coding/Library/pnpm/global/5/.pnpm/readable-stream@3.6.2/node_modules/readable-stream/lib/_stream_writable.js:390:139)
[error] 
[error] Error: An unexpected error has occurred.
[debug] [2023-09-29T17:14:16.334Z] Error: write EIO
    at afterWriteDispatched (node:internal/stream_base_commons:160:15)
    at writeGeneric (node:internal/stream_base_commons:151:3)
    at WriteStream.Socket._writeGeneric (node:net:817:11)
    at WriteStream.Socket._write (node:net:829:8)
    at writeOrBuffer (node:internal/streams/writable:389:12)
    at _write (node:internal/streams/writable:330:10)
    at WriteStream.Writable.write (node:internal/streams/writable:334:10)
    at Console.log (/Users/Coding/Library/pnpm/global/5/.pnpm/winston@3.10.0/node_modules/winston/lib/winston/transports/console.js:79:23)
    at Console._write (/Users/Coding/Library/pnpm/global/5/.pnpm/winston-transport@4.5.0/node_modules/winston-transport/index.js:103:17)
    at doWrite (/Users/Coding/Library/pnpm/global/5/.pnpm/readable-stream@3.6.2/node_modules/readable-stream/lib/_stream_writable.js:390:139)
[error] 
[error] Error: An unexpected error has occurred.
[debug] [2023-09-29T17:14:16.335Z] Error: write EIO
    at afterWriteDispatched (node:internal/stream_base_commons:160:15)
    at writeGeneric (node:internal/stream_base_commons:151:3)
    at WriteStream.Socket._writeGeneric (node:net:817:11)
    at WriteStream.Socket._write (node:net:829:8)
    at writeOrBuffer (node:internal/streams/writable:389:12)
    at _write (node:internal/streams/writable:330:10)
    at WriteStream.Writable.write (node:internal/streams/writable:334:10)
    at Console.log (/Users/Coding/Library/pnpm/global/5/.pnpm/winston@3.10.0/node_modules/winston/lib/winston/transports/console.js:79:23)
    at Console._write (/Users/Coding/Library/pnpm/global/5/.pnpm/winston-transport@4.5.0/node_modules/winston-transport/index.js:103:17)
    at doWrite (/Users/Coding/Library/pnpm/global/5/.pnpm/readable-stream@3.6.2/node_modules/readable-stream/lib/_stream_writable.js:390:139)
[error] 
[error] Error: An unexpected error has occurred.
[debug] [2023-09-29T17:14:16.335Z] Error: write EIO
    at afterWriteDispatched (node:internal/stream_base_commons:160:15)
    at writeGeneric (node:internal/stream_base_commons:151:3)
    at WriteStream.Socket._writeGeneric (node:net:817:11)
    at WriteStream.Socket._write (node:net:829:8)
    at writeOrBuffer (node:internal/streams/writable:389:12)
    at _write (node:internal/streams/writable:330:10)
    at WriteStream.Writable.write (node:internal/streams/writable:334:10)
    at Console.log (/Users/Coding/Library/pnpm/global/5/.pnpm/winston@3.10.0/node_modules/winston/lib/winston/transports/console.js:79:23)
    at Console._write (/Users/Coding/Library/pnpm/global/5/.pnpm/winston-transport@4.5.0/node_modules/winston-transport/index.js:103:17)
    at doWrite (/Users/Coding/Library/pnpm/global/5/.pnpm/readable-stream@3.6.2/node_modules/readable-stream/lib/_stream_writable.js:390:139)
[error] 
[error] Error: An unexpected error has occurred.
[debug] [2023-09-29T17:14:16.337Z] Error: write EIO
    at afterWriteDispatched (node:internal/stream_base_commons:160:15)
    at writeGeneric (node:internal/stream_base_commons:151:3)
    at WriteStream.Socket._writeGeneric (node:net:817:11)
    at WriteStream.Socket._write (node:net:829:8)
    at writeOrBuffer (node:internal/streams/writable:389:12)
    at _write (node:internal/streams/writable:330:10)
    at WriteStream.Writable.write (node:internal/streams/writable:334:10)
    at Console.log (/Users/Coding/Library/pnpm/global/5/.pnpm/winston@3.10.0/node_modules/winston/lib/winston/transports/console.js:79:23)
    at Console._write (/Users/Coding/Library/pnpm/global/5/.pnpm/winston-transport@4.5.0/node_modules/winston-transport/index.js:103:17)
    at doWrite (/Users/Coding/Library/pnpm/global/5/.pnpm/readable-stream@3.6.2/node_modules/readable-stream/lib/_stream_writable.js:390:139)
[error] 
[error] Error: An unexpected error has occurred.
[debug] [2023-09-29T17:14:16.339Z] Error: write EIO
    at afterWriteDispatched (node:internal/stream_base_commons:160:15)
    at writeGeneric (node:internal/stream_base_commons:151:3)
    at WriteStream.Socket._writeGeneric (node:net:817:11)
    at WriteStream.Socket._write (node:net:829:8)
    at writeOrBuffer (node:internal/streams/writable:389:12)
    at _write (node:internal/streams/writable:330:10)
    at WriteStream.Writable.write (node:internal/streams/writable:334:10)
    at Console.log (/Users/Coding/Library/pnpm/global/5/.pnpm/winston@3.10.0/node_modules/winston/lib/winston/transports/console.js:79:23)
    at Console._write (/Users/Coding/Library/pnpm/global/5/.pnpm/winston-transport@4.5.0/node_modules/winston-transport/index.js:103:17)
    at doWrite (/Users/Coding/Library/pnpm/global/5/.pnpm/readable-stream@3.6.2/node_modules/readable-stream/lib/_stream_writable.js:390:139)
[error] 
[error] Error: An unexpected error has occurred.
[debug] [2023-09-29T17:14:16.340Z] Error: write EIO
    at afterWriteDispatched (node:internal/stream_base_commons:160:15)
    at writeGeneric (node:internal/stream_base_commons:151:3)
    at WriteStream.Socket._writeGeneric (node:net:817:11)
    at WriteStream.Socket._write (node:net:829:8)
    at writeOrBuffer (node:internal/streams/writable:389:12)
    at _write (node:internal/streams/writable:330:10)
    at WriteStream.Writable.write (node:internal/streams/writable:334:10)
    at Console.log (/Users/Coding/Library/pnpm/global/5/.pnpm/winston@3.10.0/node_modules/winston/lib/winston/transports/console.js:79:23)
    at Console._write (/Users/Coding/Library/pnpm/global/5/.pnpm/winston-transport@4.5.0/node_modules/winston-transport/index.js:103:17)
    at doWrite (/Users/Coding/Library/pnpm/global/5/.pnpm/readable-stream@3.6.2/node_modules/readable-stream/lib/_stream_writable.js:390:139)
[error] 
[error] Error: An unexpected error has occurred.
[debug] [2023-09-29T17:14:16.342Z] Error: write EIO
    at afterWriteDispatched (node:internal/stream_base_commons:160:15)
    at writeGeneric (node:internal/stream_base_commons:151:3)
    at WriteStream.Socket._writeGeneric (node:net:817:11)
    at WriteStream.Socket._write (node:net:829:8)
    at writeOrBuffer (node:internal/streams/writable:389:12)
    at _write (node:internal/streams/writable:330:10)
    at WriteStream.Writable.write (node:internal/streams/writable:334:10)
    at Console.log (/Users/Coding/Library/pnpm/global/5/.pnpm/winston@3.10.0/node_modules/winston/lib/winston/transports/console.js:79:23)
    at Console._write (/Users/Coding/Library/pnpm/global/5/.pnpm/winston-transport@4.5.0/node_modules/winston-transport/index.js:103:17)
    at doWrite (/Users/Coding/Library/pnpm/global/5/.pnpm/readable-stream@3.6.2/node_modules/readable-stream/lib/_stream_writable.js:390:139)
[error] 
[error] Error: An unexpected error has occurred.
[debug] [2023-09-29T17:14:16.342Z] Error: write EIO
    at afterWriteDispatched (node:internal/stream_base_commons:160:15)
    at writeGeneric (node:internal/stream_base_commons:151:3)
    at WriteStream.Socket._writeGeneric (node:net:817:11)
    at WriteStream.Socket._write (node:net:829:8)
    at writeOrBuffer (node:internal/streams/writable:389:12)
    at _write (node:internal/streams/writable:330:10)
    at WriteStream.Writable.write (node:internal/streams/writable:334:10)
    at Console.log (/Users/Coding/Library/pnpm/global/5/.pnpm/winston@3.10.0/node_modules/winston/lib/winston/transports/console.js:79:23)
    at Console._write (/Users/Coding/Library/pnpm/global/5/.pnpm/winston-transport@4.5.0/node_modules/winston-transport/index.js:103:17)
    at doWrite (/Users/Coding/Library/pnpm/global/5/.pnpm/readable-stream@3.6.2/node_modules/readable-stream/lib/_stream_writable.js:390:139)
[error] 
[error] Error: An unexpected error has occurred.
[debug] [2023-09-29T17:14:16.343Z] Error: write EIO
    at afterWriteDispatched (node:internal/stream_base_commons:160:15)
    at writeGeneric (node:internal/stream_base_commons:151:3)
    at WriteStream.Socket._writeGeneric (node:net:817:11)
    at WriteStream.Socket._write (node:net:829:8)
    at writeOrBuffer (node:internal/streams/writable:389:12)
    at _write (node:internal/streams/writable:330:10)
    at WriteStream.Writable.write (node:internal/streams/writable:334:10)
    at Console.log (/Users/Coding/Library/pnpm/global/5/.pnpm/winston@3.10.0/node_modules/winston/lib/winston/transports/console.js:79:23)
    at Console._write (/Users/Coding/Library/pnpm/global/5/.pnpm/winston-transport@4.5.0/node_modules/winston-transport/index.js:103:17)
    at doWrite (/Users/Coding/Library/pnpm/global/5/.pnpm/readable-stream@3.6.2/node_modules/readable-stream/lib/_stream_writable.js:390:139)
[error] 
[error] Error: An unexpected error has occurred.
[debug] [2023-09-29T17:14:16.343Z] Error: write EIO
    at afterWriteDispatched (node:internal/stream_base_commons:160:15)
    at writeGeneric (node:internal/stream_base_commons:151:3)
    at WriteStream.Socket._writeGeneric (node:net:817:11)
    at WriteStream.Socket._write (node:net:829:8)
    at writeOrBuffer (node:internal/streams/writable:389:12)
    at _write (node:internal/streams/writable:330:10)
    at WriteStream.Writable.write (node:internal/streams/writable:334:10)
    at Console.log (/Users/Coding/Library/pnpm/global/5/.pnpm/winston@3.10.0/node_modules/winston/lib/winston/transports/console.js:79:23)
    at Console._write (/Users/Coding/Library/pnpm/global/5/.pnpm/winston-transport@4.5.0/node_modules/winston-transport/index.js:103:17)
    at doWrite (/Users/Coding/Library/pnpm/global/5/.pnpm/readable-stream@3.6.2/node_modules/readable-stream/lib/_stream_writable.js:390:139)
[error] 
[error] Error: An unexpected error has occurred.
[debug] [2023-09-29T17:14:16.344Z] Error: write EIO
    at afterWriteDispatched (node:internal/stream_base_commons:160:15)
    at writeGeneric (node:internal/stream_base_commons:151:3)
    at WriteStream.Socket._writeGeneric (node:net:817:11)
    at WriteStream.Socket._write (node:net:829:8)
    at writeOrBuffer (node:internal/streams/writable:389:12)
    at _write (node:internal/streams/writable:330:10)
    at WriteStream.Writable.write (node:internal/streams/writable:334:10)
    at Console.log (/Users/Coding/Library/pnpm/global/5/.pnpm/winston@3.10.0/node_modules/winston/lib/winston/transports/console.js:79:23)
    at Console._write (/Users/Coding/Library/pnpm/global/5/.pnpm/winston-transport@4.5.0/node_modules/winston-transport/index.js:103:17)
    at doWrite (/Users/Coding/Library/pnpm/global/5/.pnpm/readable-stream@3.6.2/node_modules/readable-stream/lib/_stream_writable.js:390:139)
[error] 
[error] Error: An unexpected error has occurred.
[debug] [2023-09-29T17:14:16.344Z] Error: write EIO
    at afterWriteDispatched (node:internal/stream_base_commons:160:15)
    at writeGeneric (node:internal/stream_base_commons:151:3)
    at WriteStream.Socket._writeGeneric (node:net:817:11)
    at WriteStream.Socket._write (node:net:829:8)
    at writeOrBuffer (node:internal/streams/writable:389:12)
    at _write (node:internal/streams/writable:330:10)
    at WriteStream.Writable.write (node:internal/streams/writable:334:10)
    at Console.log (/Users/Coding/Library/pnpm/global/5/.pnpm/winston@3.10.0/node_modules/winston/lib/winston/transports/console.js:79:23)
    at Console._write (/Users/Coding/Library/pnpm/global/5/.pnpm/winston-transport@4.5.0/node_modules/winston-transport/index.js:103:17)
    at doWrite (/Users/Coding/Library/pnpm/global/5/.pnpm/readable-stream@3.6.2/node_modules/readable-stream/lib/_stream_writable.js:390:139)
[error] 
[error] Error: An unexpected error has occurred.
[debug] [2023-09-29T17:14:16.346Z] Error: write EIO
    at afterWriteDispatched (node:internal/stream_base_commons:160:15)
    at writeGeneric (node:internal/stream_base_commons:151:3)
    at WriteStream.Socket._writeGeneric (node:net:817:11)
    at WriteStream.Socket._write (node:net:829:8)
    at writeOrBuffer (node:internal/streams/writable:389:12)
    at _write (node:internal/streams/writable:330:10)
    at WriteStream.Writable.write (node:internal/streams/writable:334:10)
    at Console.log (/Users/Coding/Library/pnpm/global/5/.pnpm/winston@3.10.0/node_modules/winston/lib/winston/transports/console.js:79:23)
    at Console._write (/Users/Coding/Library/pnpm/global/5/.pnpm/winston-transport@4.5.0/node_modules/winston-transport/index.js:103:17)
    at doWrite (/Users/Coding/Library/pnpm/global/5/.pnpm/readable-stream@3.6.2/node_modules/readable-stream/lib/_stream_writable.js:390:139)
[error] 
[error] Error: An unexpected error has occurred.
[debug] [2023-09-29T17:14:16.347Z] Error: write EIO
    at afterWriteDispatched (node:internal/stream_base_commons:160:15)
    at writeGeneric (node:internal/stream_base_commons:151:3)
    at WriteStream.Socket._writeGeneric (node:net:817:11)
    at WriteStream.Socket._write (node:net:829:8)
    at writeOrBuffer (node:internal/streams/writable:389:12)
    at _write (node:internal/streams/writable:330:10)
    at WriteStream.Writable.write (node:internal/streams/writable:334:10)
    at Console.log (/Users/Coding/Library/pnpm/global/5/.pnpm/winston@3.10.0/node_modules/winston/lib/winston/transports/console.js:79:23)
    at Console._write (/Users/Coding/Library/pnpm/global/5/.pnpm/winston-transport@4.5.0/node_modules/winston-transport/index.js:103:17)
    at doWrite (/Users/Coding/Library/pnpm/global/5/.pnpm/readable-stream@3.6.2/node_modules/readable-stream/lib/_stream_writable.js:390:139)
[error] 
[error] Error: An unexpected error has occurred.
[debug] [2023-09-29T17:14:16.348Z] Error: write EIO
    at afterWriteDispatched (node:internal/stream_base_commons:160:15)
    at writeGeneric (node:internal/stream_base_commons:151:3)
    at WriteStream.Socket._writeGeneric (node:net:817:11)
    at WriteStream.Socket._write (node:net:829:8)
    at writeOrBuffer (node:internal/streams/writable:389:12)
    at _write (node:internal/streams/writable:330:10)
    at WriteStream.Writable.write (node:internal/streams/writable:334:10)
    at Console.log (/Users/Coding/Library/pnpm/global/5/.pnpm/winston@3.10.0/node_modules/winston/lib/winston/transports/console.js:79:23)
    at Console._write (/Users/Coding/Library/pnpm/global/5/.pnpm/winston-transport@4.5.0/node_modules/winston-transport/index.js:103:17)
    at doWrite (/Users/Coding/Library/pnpm/global/5/.pnpm/readable-stream@3.6.2/node_modules/readable-stream/lib/_stream_writable.js:390:139)
[error] 
[error] Error: An unexpected error has occurred.
[debug] [2023-09-29T17:14:16.350Z] Error: write EIO
    at afterWriteDispatched (node:internal/stream_base_commons:160:15)
    at writeGeneric (node:internal/stream_base_commons:151:3)
    at WriteStream.Socket._writeGeneric (node:net:817:11)
    at WriteStream.Socket._write (node:net:829:8)
    at writeOrBuffer (node:internal/streams/writable:389:12)
    at _write (node:internal/streams/writable:330:10)
    at WriteStream.Writable.write (node:internal/streams/writable:334:10)
    at Console.log (/Users/Coding/Library/pnpm/global/5/.pnpm/winston@3.10.0/node_modules/winston/lib/winston/transports/console.js:79:23)
    at Console._write (/Users/Coding/Library/pnpm/global/5/.pnpm/winston-transport@4.5.0/node_modules/winston-transport/index.js:103:17)
    at doWrite (/Users/Coding/Library/pnpm/global/5/.pnpm/readable-stream@3.6.2/node_modules/readable-stream/lib/_stream_writable.js:390:139)
[error] 
[error] Error: An unexpected error has occurred.
[debug] [2023-09-29T17:14:16.351Z] Error: write EIO
    at afterWriteDispatched (node:internal/stream_base_commons:160:15)
    at writeGeneric (node:internal/stream_base_commons:151:3)
    at WriteStream.Socket._writeGeneric (node:net:817:11)
    at WriteStream.Socket._write (node:net:829:8)
    at writeOrBuffer (node:internal/streams/writable:389:12)
    at _write (node:internal/streams/writable:330:10)
    at WriteStream.Writable.write (node:internal/streams/writable:334:10)
    at Console.log (/Users/Coding/Library/pnpm/global/5/.pnpm/winston@3.10.0/node_modules/winston/lib/winston/transports/console.js:79:23)
    at Console._write (/Users/Coding/Library/pnpm/global/5/.pnpm/winston-transport@4.5.0/node_modules/winston-transport/index.js:103:17)
    at doWrite (/Users/Coding/Library/pnpm/global/5/.pnpm/readable-stream@3.6.2/node_modules/readable-stream/lib/_stream_writable.js:390:139)
[error] 
[error] Error: An unexpected error has occurred.
[debug] [2023-09-29T17:14:16.352Z] Error: write EIO
    at afterWriteDispatched (node:internal/stream_base_commons:160:15)
    at writeGeneric (node:internal/stream_base_commons:151:3)
    at WriteStream.Socket._writeGeneric (node:net:817:11)
    at WriteStream.Socket._write (node:net:829:8)
    at writeOrBuffer (node:internal/streams/writable:389:12)
    at _write (node:internal/streams/writable:330:10)
    at WriteStream.Writable.write (node:internal/streams/writable:334:10)
    at Console.log (/Users/Coding/Library/pnpm/global/5/.pnpm/winston@3.10.0/node_modules/winston/lib/winston/transports/console.js:79:23)
    at Console._write (/Users/Coding/Library/pnpm/global/5/.pnpm/winston-transport@4.5.0/node_modules/winston-transport/index.js:103:17)
    at doWrite (/Users/Coding/Library/pnpm/global/5/.pnpm/readable-stream@3.6.2/node_modules/readable-stream/lib/_stream_writable.js:390:139)
[error] 
[error] Error: An unexpected error has occurred.
[debug] [2023-09-29T17:14:16.352Z] Error: write EIO
    at afterWriteDispatched (node:internal/stream_base_commons:160:15)
    at writeGeneric (node:internal/stream_base_commons:151:3)
    at WriteStream.Socket._writeGeneric (node:net:817:11)
    at WriteStream.Socket._write (node:net:829:8)
    at writeOrBuffer (node:internal/streams/writable:389:12)
    at _write (node:internal/streams/writable:330:10)
    at WriteStream.Writable.write (node:internal/streams/writable:334:10)
    at Console.log (/Users/Coding/Library/pnpm/global/5/.pnpm/winston@3.10.0/node_modules/winston/lib/winston/transports/console.js:79:23)
    at Console._write (/Users/Coding/Library/pnpm/global/5/.pnpm/winston-transport@4.5.0/node_modules/winston-transport/index.js:103:17)
    at doWrite (/Users/Coding/Library/pnpm/global/5/.pnpm/readable-stream@3.6.2/node_modules/readable-stream/lib/_stream_writable.js:390:139)
[error] 
[error] Error: An unexpected error has occurred.
[debug] [2023-09-29T17:14:16.353Z] Error: write EIO
    at afterWriteDispatched (node:internal/stream_base_commons:160:15)
    at writeGeneric (node:internal/stream_base_commons:151:3)
    at WriteStream.Socket._writeGeneric (node:net:817:11)
    at WriteStream.Socket._write (node:net:829:8)
    at writeOrBuffer (node:internal/streams/writable:389:12)
    at _write (node:internal/streams/writable:330:10)
    at WriteStream.Writable.write (node:internal/streams/writable:334:10)
    at Console.log (/Users/Coding/Library/pnpm/global/5/.pnpm/winston@3.10.0/node_modules/winston/lib/winston/transports/console.js:79:23)
    at Console._write (/Users/Coding/Library/pnpm/global/5/.pnpm/winston-transport@4.5.0/node_modules/winston-transport/index.js:103:17)
    at doWrite (/Users/Coding/Library/pnpm/global/5/.pnpm/readable-stream@3.6.2/node_modules/readable-stream/lib/_stream_writable.js:390:139)
[error] 
[error] Error: An unexpected error has occurred.
[debug] [2023-09-29T17:14:16.354Z] Error: write EIO
    at afterWriteDispatched (node:internal/stream_base_commons:160:15)
    at writeGeneric (node:internal/stream_base_commons:151:3)
    at WriteStream.Socket._writeGeneric (node:net:817:11)
    at WriteStream.Socket._write (node:net:829:8)
    at writeOrBuffer (node:internal/streams/writable:389:12)
    at _write (node:internal/streams/writable:330:10)
    at WriteStream.Writable.write (node:internal/streams/writable:334:10)
    at Console.log (/Users/Coding/Library/pnpm/global/5/.pnpm/winston@3.10.0/node_modules/winston/lib/winston/transports/console.js:79:23)
    at Console._write (/Users/Coding/Library/pnpm/global/5/.pnpm/winston-transport@4.5.0/node_modules/winston-transport/index.js:103:17)
    at doWrite (/Users/Coding/Library/pnpm/global/5/.pnpm/readable-stream@3.6.2/node_modules/readable-stream/lib/_stream_writable.js:390:139)
[error] 
[error] Error: An unexpected error has occurred.
[debug] [2023-09-29T17:14:16.354Z] Error: write EIO
    at afterWriteDispatched (node:internal/stream_base_commons:160:15)
    at writeGeneric (node:internal/stream_base_commons:151:3)
    at WriteStream.Socket._writeGeneric (node:net:817:11)
    at WriteStream.Socket._write (node:net:829:8)
    at writeOrBuffer (node:internal/streams/writable:389:12)
    at _write (node:internal/streams/writable:330:10)
    at WriteStream.Writable.write (node:internal/streams/writable:334:10)
    at Console.log (/Users/Coding/Library/pnpm/global/5/.pnpm/winston@3.10.0/node_modules/winston/lib/winston/transports/console.js:79:23)
    at Console._write (/Users/Coding/Library/pnpm/global/5/.pnpm/winston-transport@4.5.0/node_modules/winston-transport/index.js:103:17)
    at doWrite (/Users/Coding/Library/pnpm/global/5/.pnpm/readable-stream@3.6.2/node_modules/readable-stream/lib/_stream_writable.js:390:139)
[error] 
[error] Error: An unexpected error has occurred.
[debug] [2023-09-29T17:14:16.355Z] Error: write EIO
    at afterWriteDispatched (node:internal/stream_base_commons:160:15)
    at writeGeneric (node:internal/stream_base_commons:151:3)
    at WriteStream.Socket._writeGeneric (node:net:817:11)
    at WriteStream.Socket._write (node:net:829:8)
    at writeOrBuffer (node:internal/streams/writable:389:12)
    at _write (node:internal/streams/writable:330:10)
    at WriteStream.Writable.write (node:internal/streams/writable:334:10)
    at Console.log (/Users/Coding/Library/pnpm/global/5/.pnpm/winston@3.10.0/node_modules/winston/lib/winston/transports/console.js:79:23)
    at Console._write (/Users/Coding/Library/pnpm/global/5/.pnpm/winston-transport@4.5.0/node_modules/winston-transport/index.js:103:17)
    at doWrite (/Users/Coding/Library/pnpm/global/5/.pnpm/readable-stream@3.6.2/node_modules/readable-stream/lib/_stream_writable.js:390:139)
[error] 
[error] Error: An unexpected error has occurred.
[debug] [2023-09-29T17:14:16.355Z] Error: write EIO
    at afterWriteDispatched (node:internal/stream_base_commons:160:15)
    at writeGeneric (node:internal/stream_base_commons:151:3)
    at WriteStream.Socket._writeGeneric (node:net:817:11)
    at WriteStream.Socket._write (node:net:829:8)
    at writeOrBuffer (node:internal/streams/writable:389:12)
    at _write (node:internal/streams/writable:330:10)
    at WriteStream.Writable.write (node:internal/streams/writable:334:10)
    at Console.log (/Users/Coding/Library/pnpm/global/5/.pnpm/winston@3.10.0/node_modules/winston/lib/winston/transports/console.js:79:23)
    at Console._write (/Users/Coding/Library/pnpm/global/5/.pnpm/winston-transport@4.5.0/node_modules/winston-transport/index.js:103:17)
    at doWrite (/Users/Coding/Library/pnpm/global/5/.pnpm/readable-stream@3.6.2/node_modules/readable-stream/lib/_stream_writable.js:390:139)
[error] 
[error] Error: An unexpected error has occurred.
[debug] [2023-09-29T17:14:16.358Z] Error: write EIO
    at afterWriteDispatched (node:internal/stream_base_commons:160:15)
    at writeGeneric (node:internal/stream_base_commons:151:3)
    at WriteStream.Socket._writeGeneric (node:net:817:11)
    at WriteStream.Socket._write (node:net:829:8)
    at writeOrBuffer (node:internal/streams/writable:389:12)
    at _write (node:internal/streams/writable:330:10)
    at WriteStream.Writable.write (node:internal/streams/writable:334:10)
    at Console.log (/Users/Coding/Library/pnpm/global/5/.pnpm/winston@3.10.0/node_modules/winston/lib/winston/transports/console.js:79:23)
    at Console._write (/Users/Coding/Library/pnpm/global/5/.pnpm/winston-transport@4.5.0/node_modules/winston-transport/index.js:103:17)
    at doWrite (/Users/Coding/Library/pnpm/global/5/.pnpm/readable-stream@3.6.2/node_modules/readable-stream/lib/_stream_writable.js:390:139)
[error] 
[error] Error: An unexpected error has occurred.
[debug] [2023-09-29T17:14:16.359Z] Error: write EIO
    at afterWriteDispatched (node:internal/stream_base_commons:160:15)
    at writeGeneric (node:internal/stream_base_commons:151:3)
    at WriteStream.Socket._writeGeneric (node:net:817:11)
    at WriteStream.Socket._write (node:net:829:8)
    at writeOrBuffer (node:internal/streams/writable:389:12)
    at _write (node:internal/streams/writable:330:10)
    at WriteStream.Writable.write (node:internal/streams/writable:334:10)
    at Console.log (/Users/Coding/Library/pnpm/global/5/.pnpm/winston@3.10.0/node_modules/winston/lib/winston/transports/console.js:79:23)
    at Console._write (/Users/Coding/Library/pnpm/global/5/.pnpm/winston-transport@4.5.0/node_modules/winston-transport/index.js:103:17)
    at doWrite (/Users/Coding/Library/pnpm/global/5/.pnpm/readable-stream@3.6.2/node_modules/readable-stream/lib/_stream_writable.js:390:139)
[error] 
[error] Error: An unexpected error has occurred.
[debug] [2023-09-29T17:14:16.359Z] Error: write EIO
    at afterWriteDispatched (node:internal/stream_base_commons:160:15)
    at writeGeneric (node:internal/stream_base_commons:151:3)
    at WriteStream.Socket._writeGeneric (node:net:817:11)
    at WriteStream.Socket._write (node:net:829:8)
    at writeOrBuffer (node:internal/streams/writable:389:12)
    at _write (node:internal/streams/writable:330:10)
    at WriteStream.Writable.write (node:internal/streams/writable:334:10)
    at Console.log (/Users/Coding/Library/pnpm/global/5/.pnpm/winston@3.10.0/node_modules/winston/lib/winston/transports/console.js:79:23)
    at Console._write (/Users/Coding/Library/pnpm/global/5/.pnpm/winston-transport@4.5.0/node_modules/winston-transport/index.js:103:17)
    at doWrite (/Users/Coding/Library/pnpm/global/5/.pnpm/readable-stream@3.6.2/node_modules/readable-stream/lib/_stream_writable.js:390:139)
[error] 
[error] Error: An unexpected error has occurred.
[debug] [2023-09-29T17:14:16.360Z] Error: write EIO
    at afterWriteDispatched (node:internal/stream_base_commons:160:15)
    at writeGeneric (node:internal/stream_base_commons:151:3)
    at WriteStream.Socket._writeGeneric (node:net:817:11)
    at WriteStream.Socket._write (node:net:829:8)
    at writeOrBuffer (node:internal/streams/writable:389:12)
    at _write (node:internal/streams/writable:330:10)
    at WriteStream.Writable.write (node:internal/streams/writable:334:10)
    at Console.log (/Users/Coding/Library/pnpm/global/5/.pnpm/winston@3.10.0/node_modules/winston/lib/winston/transports/console.js:79:23)
    at Console._write (/Users/Coding/Library/pnpm/global/5/.pnpm/winston-transport@4.5.0/node_modules/winston-transport/index.js:103:17)
    at doWrite (/Users/Coding/Library/pnpm/global/5/.pnpm/readable-stream@3.6.2/node_modules/readable-stream/lib/_stream_writable.js:390:139)
[error] 
[error] Error: An unexpected error has occurred.
[debug] [2023-09-29T17:14:16.361Z] Error: write EIO
    at afterWriteDispatched (node:internal/stream_base_commons:160:15)
    at writeGeneric (node:internal/stream_base_commons:151:3)
    at WriteStream.Socket._writeGeneric (node:net:817:11)
    at WriteStream.Socket._write (node:net:829:8)
    at writeOrBuffer (node:internal/streams/writable:389:12)
    at _write (node:internal/streams/writable:330:10)
    at WriteStream.Writable.write (node:internal/streams/writable:334:10)
    at Console.log (/Users/Coding/Library/pnpm/global/5/.pnpm/winston@3.10.0/node_modules/winston/lib/winston/transports/console.js:79:23)
    at Console._write (/Users/Coding/Library/pnpm/global/5/.pnpm/winston-transport@4.5.0/node_modules/winston-transport/index.js:103:17)
    at doWrite (/Users/Coding/Library/pnpm/global/5/.pnpm/readable-stream@3.6.2/node_modules/readable-stream/lib/_stream_writable.js:390:139)
[error] 
[error] Error: An unexpected error has occurred.
[debug] [2023-09-29T17:14:16.361Z] Error: write EIO
    at afterWriteDispatched (node:internal/stream_base_commons:160:15)
    at writeGeneric (node:internal/stream_base_commons:151:3)
    at WriteStream.Socket._writeGeneric (node:net:817:11)
    at WriteStream.Socket._write (node:net:829:8)
    at writeOrBuffer (node:internal/streams/writable:389:12)
    at _write (node:internal/streams/writable:330:10)
    at WriteStream.Writable.write (node:internal/streams/writable:334:10)
    at Console.log (/Users/Coding/Library/pnpm/global/5/.pnpm/winston@3.10.0/node_modules/winston/lib/winston/transports/console.js:79:23)
    at Console._write (/Users/Coding/Library/pnpm/global/5/.pnpm/winston-transport@4.5.0/node_modules/winston-transport/index.js:103:17)
    at doWrite (/Users/Coding/Library/pnpm/global/5/.pnpm/readable-stream@3.6.2/node_modules/readable-stream/lib/_stream_writable.js:390:139)
[error] 
[error] Error: An unexpected error has occurred.
[debug] [2023-09-29T17:14:16.362Z] Error: write EIO
    at afterWriteDispatched (node:internal/stream_base_commons:160:15)
    at writeGeneric (node:internal/stream_base_commons:151:3)
    at WriteStream.Socket._writeGeneric (node:net:817:11)
    at WriteStream.Socket._write (node:net:829:8)
    at writeOrBuffer (node:internal/streams/writable:389:12)
    at _write (node:internal/streams/writable:330:10)
    at WriteStream.Writable.write (node:internal/streams/writable:334:10)
    at Console.log (/Users/Coding/Library/pnpm/global/5/.pnpm/winston@3.10.0/node_modules/winston/lib/winston/transports/console.js:79:23)
    at Console._write (/Users/Coding/Library/pnpm/global/5/.pnpm/winston-transport@4.5.0/node_modules/winston-transport/index.js:103:17)
    at doWrite (/Users/Coding/Library/pnpm/global/5/.pnpm/readable-stream@3.6.2/node_modules/readable-stream/lib/_stream_writable.js:390:139)
[error] 
[error] Error: An unexpected error has occurred.
[debug] [2023-09-29T17:14:16.363Z] Error: write EIO
    at afterWriteDispatched (node:internal/stream_base_commons:160:15)
    at writeGeneric (node:internal/stream_base_commons:151:3)
    at WriteStream.Socket._writeGeneric (node:net:817:11)
    at WriteStream.Socket._write (node:net:829:8)
    at writeOrBuffer (node:internal/streams/writable:389:12)
    at _write (node:internal/streams/writable:330:10)
    at WriteStream.Writable.write (node:internal/streams/writable:334:10)
    at Console.log (/Users/Coding/Library/pnpm/global/5/.pnpm/winston@3.10.0/node_modules/winston/lib/winston/transports/console.js:79:23)
    at Console._write (/Users/Coding/Library/pnpm/global/5/.pnpm/winston-transport@4.5.0/node_modules/winston-transport/index.js:103:17)
    at doWrite (/Users/Coding/Library/pnpm/global/5/.pnpm/readable-stream@3.6.2/node_modules/readable-stream/lib/_stream_writable.js:390:139)
[error] 
[error] Error: An unexpected error has occurred.
[debug] [2023-09-29T17:14:16.364Z] Error: write EIO
    at afterWriteDispatched (node:internal/stream_base_commons:160:15)
    at writeGeneric (node:internal/stream_base_commons:151:3)
    at WriteStream.Socket._writeGeneric (node:net:817:11)
    at WriteStream.Socket._write (node:net:829:8)
    at writeOrBuffer (node:internal/streams/writable:389:12)
    at _write (node:internal/streams/writable:330:10)
    at WriteStream.Writable.write (node:internal/streams/writable:334:10)
    at Console.log (/Users/Coding/Library/pnpm/global/5/.pnpm/winston@3.10.0/node_modules/winston/lib/winston/transports/console.js:79:23)
    at Console._write (/Users/Coding/Library/pnpm/global/5/.pnpm/winston-transport@4.5.0/node_modules/winston-transport/index.js:103:17)
    at doWrite (/Users/Coding/Library/pnpm/global/5/.pnpm/readable-stream@3.6.2/node_modules/readable-stream/lib/_stream_writable.js:390:139)
[error] 
[error] Error: An unexpected error has occurred.
[debug] [2023-09-29T17:14:16.364Z] Error: write EIO
    at afterWriteDispatched (node:internal/stream_base_commons:160:15)
    at writeGeneric (node:internal/stream_base_commons:151:3)
    at WriteStream.Socket._writeGeneric (node:net:817:11)
    at WriteStream.Socket._write (node:net:829:8)
    at writeOrBuffer (node:internal/streams/writable:389:12)
    at _write (node:internal/streams/writable:330:10)
    at WriteStream.Writable.write (node:internal/streams/writable:334:10)
    at Console.log (/Users/Coding/Library/pnpm/global/5/.pnpm/winston@3.10.0/node_modules/winston/lib/winston/transports/console.js:79:23)
    at Console._write (/Users/Coding/Library/pnpm/global/5/.pnpm/winston-transport@4.5.0/node_modules/winston-transport/index.js:103:17)
    at doWrite (/Users/Coding/Library/pnpm/global/5/.pnpm/readable-stream@3.6.2/node_modules/readable-stream/lib/_stream_writable.js:390:139)
[error] 
[error] Error: An unexpected error has occurred.
[debug] [2023-09-29T17:14:16.365Z] Error: write EIO
    at afterWriteDispatched (node:internal/stream_base_commons:160:15)
    at writeGeneric (node:internal/stream_base_commons:151:3)
    at WriteStream.Socket._writeGeneric (node:net:817:11)
    at WriteStream.Socket._write (node:net:829:8)
    at writeOrBuffer (node:internal/streams/writable:389:12)
    at _write (node:internal/streams/writable:330:10)
    at WriteStream.Writable.write (node:internal/streams/writable:334:10)
    at Console.log (/Users/Coding/Library/pnpm/global/5/.pnpm/winston@3.10.0/node_modules/winston/lib/winston/transports/console.js:79:23)
    at Console._write (/Users/Coding/Library/pnpm/global/5/.pnpm/winston-transport@4.5.0/node_modules/winston-transport/index.js:103:17)
    at doWrite (/Users/Coding/Library/pnpm/global/5/.pnpm/readable-stream@3.6.2/node_modules/readable-stream/lib/_stream_writable.js:390:139)
[error] 
[error] Error: An unexpected error has occurred.
[debug] [2023-09-29T17:14:16.366Z] Error: write EIO
    at afterWriteDispatched (node:internal/stream_base_commons:160:15)
    at writeGeneric (node:internal/stream_base_commons:151:3)
    at WriteStream.Socket._writeGeneric (node:net:817:11)
    at WriteStream.Socket._write (node:net:829:8)
    at writeOrBuffer (node:internal/streams/writable:389:12)
    at _write (node:internal/streams/writable:330:10)
    at WriteStream.Writable.write (node:internal/streams/writable:334:10)
    at Console.log (/Users/Coding/Library/pnpm/global/5/.pnpm/winston@3.10.0/node_modules/winston/lib/winston/transports/console.js:79:23)
    at Console._write (/Users/Coding/Library/pnpm/global/5/.pnpm/winston-transport@4.5.0/node_modules/winston-transport/index.js:103:17)
    at doWrite (/Users/Coding/Library/pnpm/global/5/.pnpm/readable-stream@3.6.2/node_modules/readable-stream/lib/_stream_writable.js:390:139)
[error] 
[error] Error: An unexpected error has occurred.
[debug] [2023-09-29T17:14:16.366Z] Error: write EIO
    at afterWriteDispatched (node:internal/stream_base_commons:160:15)
    at writeGeneric (node:internal/stream_base_commons:151:3)
    at WriteStream.Socket._writeGeneric (node:net:817:11)
    at WriteStream.Socket._write (node:net:829:8)
    at writeOrBuffer (node:internal/streams/writable:389:12)
    at _write (node:internal/streams/writable:330:10)
    at WriteStream.Writable.write (node:internal/streams/writable:334:10)
    at Console.log (/Users/Coding/Library/pnpm/global/5/.pnpm/winston@3.10.0/node_modules/winston/lib/winston/transports/console.js:79:23)
    at Console._write (/Users/Coding/Library/pnpm/global/5/.pnpm/winston-transport@4.5.0/node_modules/winston-transport/index.js:103:17)
    at doWrite (/Users/Coding/Library/pnpm/global/5/.pnpm/readable-stream@3.6.2/node_modules/readable-stream/lib/_stream_writable.js:390:139)
[error] 
[error] Error: An unexpected error has occurred.
[debug] [2023-09-29T17:14:16.367Z] Error: write EIO
    at afterWriteDispatched (node:internal/stream_base_commons:160:15)
    at writeGeneric (node:internal/stream_base_commons:151:3)
    at WriteStream.Socket._writeGeneric (node:net:817:11)
    at WriteStream.Socket._write (node:net:829:8)
    at writeOrBuffer (node:internal/streams/writable:389:12)
    at _write (node:internal/streams/writable:330:10)
    at WriteStream.Writable.write (node:internal/streams/writable:334:10)
    at Console.log (/Users/Coding/Library/pnpm/global/5/.pnpm/winston@3.10.0/node_modules/winston/lib/winston/transports/console.js:79:23)
    at Console._write (/Users/Coding/Library/pnpm/global/5/.pnpm/winston-transport@4.5.0/node_modules/winston-transport/index.js:103:17)
    at doWrite (/Users/Coding/Library/pnpm/global/5/.pnpm/readable-stream@3.6.2/node_modules/readable-stream/lib/_stream_writable.js:390:139)
[error] 
[error] Error: An unexpected error has occurred.
[debug] [2023-09-29T17:14:16.367Z] Error: write EIO
    at afterWriteDispatched (node:internal/stream_base_commons:160:15)
    at writeGeneric (node:internal/stream_base_commons:151:3)
    at WriteStream.Socket._writeGeneric (node:net:817:11)
    at WriteStream.Socket._write (node:net:829:8)
    at writeOrBuffer (node:internal/streams/writable:389:12)
    at _write (node:internal/streams/writable:330:10)
    at WriteStream.Writable.write (node:internal/streams/writable:334:10)
    at Console.log (/Users/Coding/Library/pnpm/global/5/.pnpm/winston@3.10.0/node_modules/winston/lib/winston/transports/console.js:79:23)
    at Console._write (/Users/Coding/Library/pnpm/global/5/.pnpm/winston-transport@4.5.0/node_modules/winston-transport/index.js:103:17)
    at doWrite (/Users/Coding/Library/pnpm/global/5/.pnpm/readable-stream@3.6.2/node_modules/readable-stream/lib/_stream_writable.js:390:139)
[error] 
[error] Error: An unexpected error has occurred.
[debug] [2023-09-29T17:14:16.369Z] Error: write EIO
    at afterWriteDispatched (node:internal/stream_base_commons:160:15)
    at writeGeneric (node:internal/stream_base_commons:151:3)
    at WriteStream.Socket._writeGeneric (node:net:817:11)
    at WriteStream.Socket._write (node:net:829:8)
    at writeOrBuffer (node:internal/streams/writable:389:12)
    at _write (node:internal/streams/writable:330:10)
    at WriteStream.Writable.write (node:internal/streams/writable:334:10)
    at Console.log (/Users/Coding/Library/pnpm/global/5/.pnpm/winston@3.10.0/node_modules/winston/lib/winston/transports/console.js:79:23)
    at Console._write (/Users/Coding/Library/pnpm/global/5/.pnpm/winston-transport@4.5.0/node_modules/winston-transport/index.js:103:17)
    at doWrite (/Users/Coding/Library/pnpm/global/5/.pnpm/readable-stream@3.6.2/node_modules/readable-stream/lib/_stream_writable.js:390:139)
[error] 
[error] Error: An unexpected error has occurred.
[debug] [2023-09-29T17:14:16.370Z] Error: write EIO
    at afterWriteDispatched (node:internal/stream_base_commons:160:15)
    at writeGeneric (node:internal/stream_base_commons:151:3)
    at WriteStream.Socket._writeGeneric (node:net:817:11)
    at WriteStream.Socket._write (node:net:829:8)
    at writeOrBuffer (node:internal/streams/writable:389:12)
    at _write (node:internal/streams/writable:330:10)
    at WriteStream.Writable.write (node:internal/streams/writable:334:10)
    at Console.log (/Users/Coding/Library/pnpm/global/5/.pnpm/winston@3.10.0/node_modules/winston/lib/winston/transports/console.js:79:23)
    at Console._write (/Users/Coding/Library/pnpm/global/5/.pnpm/winston-transport@4.5.0/node_modules/winston-transport/index.js:103:17)
    at doWrite (/Users/Coding/Library/pnpm/global/5/.pnpm/readable-stream@3.6.2/node_modules/readable-stream/lib/_stream_writable.js:390:139)
[error] 
[error] Error: An unexpected error has occurred.
[debug] [2023-09-29T17:14:16.370Z] Error: write EIO
    at afterWriteDispatched (node:internal/stream_base_commons:160:15)
    at writeGeneric (node:internal/stream_base_commons:151:3)
    at WriteStream.Socket._writeGeneric (node:net:817:11)
    at WriteStream.Socket._write (node:net:829:8)
    at writeOrBuffer (node:internal/streams/writable:389:12)
    at _write (node:internal/streams/writable:330:10)
    at WriteStream.Writable.write (node:internal/streams/writable:334:10)
    at Console.log (/Users/Coding/Library/pnpm/global/5/.pnpm/winston@3.10.0/node_modules/winston/lib/winston/transports/console.js:79:23)
    at Console._write (/Users/Coding/Library/pnpm/global/5/.pnpm/winston-transport@4.5.0/node_modules/winston-transport/index.js:103:17)
    at doWrite (/Users/Coding/Library/pnpm/global/5/.pnpm/readable-stream@3.6.2/node_modules/readable-stream/lib/_stream_writable.js:390:139)
[error] 
[error] Error: An unexpected error has occurred.
[debug] [2023-09-29T17:14:16.371Z] Error: write EIO
    at afterWriteDispatched (node:internal/stream_base_commons:160:15)
    at writeGeneric (node:internal/stream_base_commons:151:3)
    at WriteStream.Socket._writeGeneric (node:net:817:11)
    at WriteStream.Socket._write (node:net:829:8)
    at writeOrBuffer (node:internal/streams/writable:389:12)
    at _write (node:internal/streams/writable:330:10)
    at WriteStream.Writable.write (node:internal/streams/writable:334:10)
    at Console.log (/Users/Coding/Library/pnpm/global/5/.pnpm/winston@3.10.0/node_modules/winston/lib/winston/transports/console.js:79:23)
    at Console._write (/Users/Coding/Library/pnpm/global/5/.pnpm/winston-transport@4.5.0/node_modules/winston-transport/index.js:103:17)
    at doWrite (/Users/Coding/Library/pnpm/global/5/.pnpm/readable-stream@3.6.2/node_modules/readable-stream/lib/_stream_writable.js:390:139)
[error] 
[error] Error: An unexpected error has occurred.
[debug] [2023-09-29T17:14:16.372Z] Error: write EIO
    at afterWriteDispatched (node:internal/stream_base_commons:160:15)
    at writeGeneric (node:internal/stream_base_commons:151:3)
    at WriteStream.Socket._writeGeneric (node:net:817:11)
    at WriteStream.Socket._write (node:net:829:8)
    at writeOrBuffer (node:internal/streams/writable:389:12)
    at _write (node:internal/streams/writable:330:10)
    at WriteStream.Writable.write (node:internal/streams/writable:334:10)
    at Console.log (/Users/Coding/Library/pnpm/global/5/.pnpm/winston@3.10.0/node_modules/winston/lib/winston/transports/console.js:79:23)
    at Console._write (/Users/Coding/Library/pnpm/global/5/.pnpm/winston-transport@4.5.0/node_modules/winston-transport/index.js:103:17)
    at doWrite (/Users/Coding/Library/pnpm/global/5/.pnpm/readable-stream@3.6.2/node_modules/readable-stream/lib/_stream_writable.js:390:139)
[error] 
[error] Error: An unexpected error has occurred.
[debug] [2023-09-29T17:14:16.376Z] Error: write EIO
    at afterWriteDispatched (node:internal/stream_base_commons:160:15)
    at writeGeneric (node:internal/stream_base_commons:151:3)
    at WriteStream.Socket._writeGeneric (node:net:817:11)
    at WriteStream.Socket._write (node:net:829:8)
    at writeOrBuffer (node:internal/streams/writable:389:12)
    at _write (node:internal/streams/writable:330:10)
    at WriteStream.Writable.write (node:internal/streams/writable:334:10)
    at Console.log (/Users/Coding/Library/pnpm/global/5/.pnpm/winston@3.10.0/node_modules/winston/lib/winston/transports/console.js:79:23)
    at Console._write (/Users/Coding/Library/pnpm/global/5/.pnpm/winston-transport@4.5.0/node_modules/winston-transport/index.js:103:17)
    at doWrite (/Users/Coding/Library/pnpm/global/5/.pnpm/readable-stream@3.6.2/node_modules/readable-stream/lib/_stream_writable.js:390:139)
[error] 
[error] Error: An unexpected error has occurred.
[debug] [2023-09-29T17:14:16.377Z] Error: write EIO
    at afterWriteDispatched (node:internal/stream_base_commons:160:15)
    at writeGeneric (node:internal/stream_base_commons:151:3)
    at WriteStream.Socket._writeGeneric (node:net:817:11)
    at WriteStream.Socket._write (node:net:829:8)
    at writeOrBuffer (node:internal/streams/writable:389:12)
    at _write (node:internal/streams/writable:330:10)
    at WriteStream.Writable.write (node:internal/streams/writable:334:10)
    at Console.log (/Users/Coding/Library/pnpm/global/5/.pnpm/winston@3.10.0/node_modules/winston/lib/winston/transports/console.js:79:23)
    at Console._write (/Users/Coding/Library/pnpm/global/5/.pnpm/winston-transport@4.5.0/node_modules/winston-transport/index.js:103:17)
    at doWrite (/Users/Coding/Library/pnpm/global/5/.pnpm/readable-stream@3.6.2/node_modules/readable-stream/lib/_stream_writable.js:390:139)
[error] 
[error] Error: An unexpected error has occurred.
[debug] [2023-09-29T17:14:16.378Z] Error: write EIO
    at afterWriteDispatched (node:internal/stream_base_commons:160:15)
    at writeGeneric (node:internal/stream_base_commons:151:3)
    at WriteStream.Socket._writeGeneric (node:net:817:11)
    at WriteStream.Socket._write (node:net:829:8)
    at writeOrBuffer (node:internal/streams/writable:389:12)
    at _write (node:internal/streams/writable:330:10)
    at WriteStream.Writable.write (node:internal/streams/writable:334:10)
    at Console.log (/Users/Coding/Library/pnpm/global/5/.pnpm/winston@3.10.0/node_modules/winston/lib/winston/transports/console.js:79:23)
    at Console._write (/Users/Coding/Library/pnpm/global/5/.pnpm/winston-transport@4.5.0/node_modules/winston-transport/index.js:103:17)
    at doWrite (/Users/Coding/Library/pnpm/global/5/.pnpm/readable-stream@3.6.2/node_modules/readable-stream/lib/_stream_writable.js:390:139)
[error] 
[error] Error: An unexpected error has occurred.
[debug] [2023-09-29T17:14:16.378Z] Error: write EIO
    at afterWriteDispatched (node:internal/stream_base_commons:160:15)
    at writeGeneric (node:internal/stream_base_commons:151:3)
    at WriteStream.Socket._writeGeneric (node:net:817:11)
    at WriteStream.Socket._write (node:net:829:8)
    at writeOrBuffer (node:internal/streams/writable:389:12)
    at _write (node:internal/streams/writable:330:10)
    at WriteStream.Writable.write (node:internal/streams/writable:334:10)
    at Console.log (/Users/Coding/Library/pnpm/global/5/.pnpm/winston@3.10.0/node_modules/winston/lib/winston/transports/console.js:79:23)
    at Console._write (/Users/Coding/Library/pnpm/global/5/.pnpm/winston-transport@4.5.0/node_modules/winston-transport/index.js:103:17)
    at doWrite (/Users/Coding/Library/pnpm/global/5/.pnpm/readable-stream@3.6.2/node_modules/readable-stream/lib/_stream_writable.js:390:139)
[error] 
[error] Error: An unexpected error has occurred.
[debug] [2023-09-29T17:14:16.379Z] Error: write EIO
    at afterWriteDispatched (node:internal/stream_base_commons:160:15)
    at writeGeneric (node:internal/stream_base_commons:151:3)
    at WriteStream.Socket._writeGeneric (node:net:817:11)
    at WriteStream.Socket._write (node:net:829:8)
    at writeOrBuffer (node:internal/streams/writable:389:12)
    at _write (node:internal/streams/writable:330:10)
    at WriteStream.Writable.write (node:internal/streams/writable:334:10)
    at Console.log (/Users/Coding/Library/pnpm/global/5/.pnpm/winston@3.10.0/node_modules/winston/lib/winston/transports/console.js:79:23)
    at Console._write (/Users/Coding/Library/pnpm/global/5/.pnpm/winston-transport@4.5.0/node_modules/winston-transport/index.js:103:17)
    at doWrite (/Users/Coding/Library/pnpm/global/5/.pnpm/readable-stream@3.6.2/node_modules/readable-stream/lib/_stream_writable.js:390:139)
[error] 
[error] Error: An unexpected error has occurred.
[debug] [2023-09-29T17:14:16.380Z] Error: write EIO
    at afterWriteDispatched (node:internal/stream_base_commons:160:15)
    at writeGeneric (node:internal/stream_base_commons:151:3)
    at WriteStream.Socket._writeGeneric (node:net:817:11)
    at WriteStream.Socket._write (node:net:829:8)
    at writeOrBuffer (node:internal/streams/writable:389:12)
    at _write (node:internal/streams/writable:330:10)
    at WriteStream.Writable.write (node:internal/streams/writable:334:10)
    at Console.log (/Users/Coding/Library/pnpm/global/5/.pnpm/winston@3.10.0/node_modules/winston/lib/winston/transports/console.js:79:23)
    at Console._write (/Users/Coding/Library/pnpm/global/5/.pnpm/winston-transport@4.5.0/node_modules/winston-transport/index.js:103:17)
    at doWrite (/Users/Coding/Library/pnpm/global/5/.pnpm/readable-stream@3.6.2/node_modules/readable-stream/lib/_stream_writable.js:390:139)
[error] 
[error] Error: An unexpected error has occurred.
[debug] [2023-09-29T17:14:16.381Z] Error: write EIO
    at afterWriteDispatched (node:internal/stream_base_commons:160:15)
    at writeGeneric (node:internal/stream_base_commons:151:3)
    at WriteStream.Socket._writeGeneric (node:net:817:11)
    at WriteStream.Socket._write (node:net:829:8)
    at writeOrBuffer (node:internal/streams/writable:389:12)
    at _write (node:internal/streams/writable:330:10)
    at WriteStream.Writable.write (node:internal/streams/writable:334:10)
    at Console.log (/Users/Coding/Library/pnpm/global/5/.pnpm/winston@3.10.0/node_modules/winston/lib/winston/transports/console.js:79:23)
    at Console._write (/Users/Coding/Library/pnpm/global/5/.pnpm/winston-transport@4.5.0/node_modules/winston-transport/index.js:103:17)
    at doWrite (/Users/Coding/Library/pnpm/global/5/.pnpm/readable-stream@3.6.2/node_modules/readable-stream/lib/_stream_writable.js:390:139)
[error] 
[error] Error: An unexpected error has occurred.
[debug] [2023-09-29T17:14:16.382Z] Error: write EIO
    at afterWriteDispatched (node:internal/stream_base_commons:160:15)
    at writeGeneric (node:internal/stream_base_commons:151:3)
    at WriteStream.Socket._writeGeneric (node:net:817:11)
    at WriteStream.Socket._write (node:net:829:8)
    at writeOrBuffer (node:internal/streams/writable:389:12)
    at _write (node:internal/streams/writable:330:10)
    at WriteStream.Writable.write (node:internal/streams/writable:334:10)
    at Console.log (/Users/Coding/Library/pnpm/global/5/.pnpm/winston@3.10.0/node_modules/winston/lib/winston/transports/console.js:79:23)
    at Console._write (/Users/Coding/Library/pnpm/global/5/.pnpm/winston-transport@4.5.0/node_modules/winston-transport/index.js:103:17)
    at doWrite (/Users/Coding/Library/pnpm/global/5/.pnpm/readable-stream@3.6.2/node_modules/readable-stream/lib/_stream_writable.js:390:139)
[error] 
[error] Error: An unexpected error has occurred.
[debug] [2023-09-29T17:14:16.383Z] Error: write EIO
    at afterWriteDispatched (node:internal/stream_base_commons:160:15)
    at writeGeneric (node:internal/stream_base_commons:151:3)
    at WriteStream.Socket._writeGeneric (node:net:817:11)
    at WriteStream.Socket._write (node:net:829:8)
    at writeOrBuffer (node:internal/streams/writable:389:12)
    at _write (node:internal/streams/writable:330:10)
    at WriteStream.Writable.write (node:internal/streams/writable:334:10)
    at Console.log (/Users/Coding/Library/pnpm/global/5/.pnpm/winston@3.10.0/node_modules/winston/lib/winston/transports/console.js:79:23)
    at Console._write (/Users/Coding/Library/pnpm/global/5/.pnpm/winston-transport@4.5.0/node_modules/winston-transport/index.js:103:17)
    at doWrite (/Users/Coding/Library/pnpm/global/5/.pnpm/readable-stream@3.6.2/node_modules/readable-stream/lib/_stream_writable.js:390:139)
[error] 
[error] Error: An unexpected error has occurred.
[debug] [2023-09-29T17:14:16.384Z] Error: write EIO
    at afterWriteDispatched (node:internal/stream_base_commons:160:15)
    at writeGeneric (node:internal/stream_base_commons:151:3)
    at WriteStream.Socket._writeGeneric (node:net:817:11)
    at WriteStream.Socket._write (node:net:829:8)
    at writeOrBuffer (node:internal/streams/writable:389:12)
    at _write (node:internal/streams/writable:330:10)
    at WriteStream.Writable.write (node:internal/streams/writable:334:10)
    at Console.log (/Users/Coding/Library/pnpm/global/5/.pnpm/winston@3.10.0/node_modules/winston/lib/winston/transports/console.js:79:23)
    at Console._write (/Users/Coding/Library/pnpm/global/5/.pnpm/winston-transport@4.5.0/node_modules/winston-transport/index.js:103:17)
    at doWrite (/Users/Coding/Library/pnpm/global/5/.pnpm/readable-stream@3.6.2/node_modules/readable-stream/lib/_stream_writable.js:390:139)
[error] 
[error] Error: An unexpected error has occurred.
[info] i  hosting: Stopping Hosting Emulator {"metadata":{"emulator":{"name":"hosting"},"message":"Stopping Hosting Emulator"}}
[info] i  auth: Stopping Authentication Emulator {"metadata":{"emulator":{"name":"auth"},"message":"Stopping Authentication Emulator"}}
[info] i  hub: Stopping emulator hub {"metadata":{"emulator":{"name":"hub"},"message":"Stopping emulator hub"}}
[debug] [2023-09-29T17:14:16.480Z] Error: write EIO
    at afterWriteDispatched (node:internal/stream_base_commons:160:15)
    at writeGeneric (node:internal/stream_base_commons:151:3)
    at WriteStream.Socket._writeGeneric (node:net:817:11)
    at WriteStream.Socket._write (node:net:829:8)
    at writeOrBuffer (node:internal/streams/writable:389:12)
    at _write (node:internal/streams/writable:330:10)
    at WriteStream.Writable.write (node:internal/streams/writable:334:10)
    at Console.log (/Users/Coding/Library/pnpm/global/5/.pnpm/winston@3.10.0/node_modules/winston/lib/winston/transports/console.js:79:23)
    at Console._write (/Users/Coding/Library/pnpm/global/5/.pnpm/winston-transport@4.5.0/node_modules/winston-transport/index.js:103:17)
    at doWrite (/Users/Coding/Library/pnpm/global/5/.pnpm/readable-stream@3.6.2/node_modules/readable-stream/lib/_stream_writable.js:390:139)
[error] 
[error] Error: An unexpected error has occurred.
[debug] [2023-09-29T17:14:16.481Z] Error: write EIO
    at afterWriteDispatched (node:internal/stream_base_commons:160:15)
    at writeGeneric (node:internal/stream_base_commons:151:3)
    at WriteStream.Socket._writeGeneric (node:net:817:11)
    at WriteStream.Socket._write (node:net:829:8)
    at writeOrBuffer (node:internal/streams/writable:389:12)
    at _write (node:internal/streams/writable:330:10)
    at WriteStream.Writable.write (node:internal/streams/writable:334:10)
    at Console.log (/Users/Coding/Library/pnpm/global/5/.pnpm/winston@3.10.0/node_modules/winston/lib/winston/transports/console.js:79:23)
    at Console._write (/Users/Coding/Library/pnpm/global/5/.pnpm/winston-transport@4.5.0/node_modules/winston-transport/index.js:103:17)
    at doWrite (/Users/Coding/Library/pnpm/global/5/.pnpm/readable-stream@3.6.2/node_modules/readable-stream/lib/_stream_writable.js:390:139)
[error] 
[error] Error: An unexpected error has occurred.
[debug] [2023-09-29T17:14:16.484Z] Error: write EIO
    at afterWriteDispatched (node:internal/stream_base_commons:160:15)
    at writeGeneric (node:internal/stream_base_commons:151:3)
    at WriteStream.Socket._writeGeneric (node:net:817:11)
    at WriteStream.Socket._write (node:net:829:8)
    at writeOrBuffer (node:internal/streams/writable:389:12)
    at _write (node:internal/streams/writable:330:10)
    at WriteStream.Writable.write (node:internal/streams/writable:334:10)
    at Console.log (/Users/Coding/Library/pnpm/global/5/.pnpm/winston@3.10.0/node_modules/winston/lib/winston/transports/console.js:79:23)
    at Console._write (/Users/Coding/Library/pnpm/global/5/.pnpm/winston-transport@4.5.0/node_modules/winston-transport/index.js:103:17)
    at doWrite (/Users/Coding/Library/pnpm/global/5/.pnpm/readable-stream@3.6.2/node_modules/readable-stream/lib/_stream_writable.js:390:139)
[error] 
[error] Error: An unexpected error has occurred.
[debug] [2023-09-29T17:14:16.485Z] Error: write EIO
    at afterWriteDispatched (node:internal/stream_base_commons:160:15)
    at writeGeneric (node:internal/stream_base_commons:151:3)
    at WriteStream.Socket._writeGeneric (node:net:817:11)
    at WriteStream.Socket._write (node:net:829:8)
    at writeOrBuffer (node:internal/streams/writable:389:12)
    at _write (node:internal/streams/writable:330:10)
    at WriteStream.Writable.write (node:internal/streams/writable:334:10)
    at Console.log (/Users/Coding/Library/pnpm/global/5/.pnpm/winston@3.10.0/node_modules/winston/lib/winston/transports/console.js:79:23)
    at Console._write (/Users/Coding/Library/pnpm/global/5/.pnpm/winston-transport@4.5.0/node_modules/winston-transport/index.js:103:17)
    at doWrite (/Users/Coding/Library/pnpm/global/5/.pnpm/readable-stream@3.6.2/node_modules/readable-stream/lib/_stream_writable.js:390:139)
[error] 
[error] Error: An unexpected error has occurred.
[debug] [2023-09-29T17:14:16.485Z] Error: write EIO
    at afterWriteDispatched (node:internal/stream_base_commons:160:15)
    at writeGeneric (node:internal/stream_base_commons:151:3)
    at WriteStream.Socket._writeGeneric (node:net:817:11)
    at WriteStream.Socket._write (node:net:829:8)
    at writeOrBuffer (node:internal/streams/writable:389:12)
    at _write (node:internal/streams/writable:330:10)
    at WriteStream.Writable.write (node:internal/streams/writable:334:10)
    at Console.log (/Users/Coding/Library/pnpm/global/5/.pnpm/winston@3.10.0/node_modules/winston/lib/winston/transports/console.js:79:23)
    at Console._write (/Users/Coding/Library/pnpm/global/5/.pnpm/winston-transport@4.5.0/node_modules/winston-transport/index.js:103:17)
    at doWrite (/Users/Coding/Library/pnpm/global/5/.pnpm/readable-stream@3.6.2/node_modules/readable-stream/lib/_stream_writable.js:390:139)
[error] 
[error] Error: An unexpected error has occurred.
[debug] [2023-09-29T17:14:16.487Z] Error: write EIO
    at afterWriteDispatched (node:internal/stream_base_commons:160:15)
    at writeGeneric (node:internal/stream_base_commons:151:3)
    at WriteStream.Socket._writeGeneric (node:net:817:11)
    at WriteStream.Socket._write (node:net:829:8)
    at writeOrBuffer (node:internal/streams/writable:389:12)
    at _write (node:internal/streams/writable:330:10)
    at WriteStream.Writable.write (node:internal/streams/writable:334:10)
    at Console.log (/Users/Coding/Library/pnpm/global/5/.pnpm/winston@3.10.0/node_modules/winston/lib/winston/transports/console.js:79:23)
    at Console._write (/Users/Coding/Library/pnpm/global/5/.pnpm/winston-transport@4.5.0/node_modules/winston-transport/index.js:103:17)
    at doWrite (/Users/Coding/Library/pnpm/global/5/.pnpm/readable-stream@3.6.2/node_modules/readable-stream/lib/_stream_writable.js:390:139)
[error] 
[error] Error: An unexpected error has occurred.
[debug] [2023-09-29T17:14:16.491Z] Error: write EIO
    at afterWriteDispatched (node:internal/stream_base_commons:160:15)
    at writeGeneric (node:internal/stream_base_commons:151:3)
    at WriteStream.Socket._writeGeneric (node:net:817:11)
    at WriteStream.Socket._write (node:net:829:8)
    at writeOrBuffer (node:internal/streams/writable:389:12)
    at _write (node:internal/streams/writable:330:10)
    at WriteStream.Writable.write (node:internal/streams/writable:334:10)
    at Console.log (/Users/Coding/Library/pnpm/global/5/.pnpm/winston@3.10.0/node_modules/winston/lib/winston/transports/console.js:79:23)
    at Console._write (/Users/Coding/Library/pnpm/global/5/.pnpm/winston-transport@4.5.0/node_modules/winston-transport/index.js:103:17)
    at doWrite (/Users/Coding/Library/pnpm/global/5/.pnpm/readable-stream@3.6.2/node_modules/readable-stream/lib/_stream_writable.js:390:139)
[error] 
[error] Error: An unexpected error has occurred.
[debug] [2023-09-29T17:14:16.491Z] Error: write EIO
    at afterWriteDispatched (node:internal/stream_base_commons:160:15)
    at writeGeneric (node:internal/stream_base_commons:151:3)
    at WriteStream.Socket._writeGeneric (node:net:817:11)
    at WriteStream.Socket._write (node:net:829:8)
    at writeOrBuffer (node:internal/streams/writable:389:12)
    at _write (node:internal/streams/writable:330:10)
    at WriteStream.Writable.write (node:internal/streams/writable:334:10)
    at Console.log (/Users/Coding/Library/pnpm/global/5/.pnpm/winston@3.10.0/node_modules/winston/lib/winston/transports/console.js:79:23)
    at Console._write (/Users/Coding/Library/pnpm/global/5/.pnpm/winston-transport@4.5.0/node_modules/winston-transport/index.js:103:17)
    at doWrite (/Users/Coding/Library/pnpm/global/5/.pnpm/readable-stream@3.6.2/node_modules/readable-stream/lib/_stream_writable.js:390:139)
[error] 
[error] Error: An unexpected error has occurred.
[debug] [2023-09-29T17:14:16.492Z] Error: write EIO
    at afterWriteDispatched (node:internal/stream_base_commons:160:15)
    at writeGeneric (node:internal/stream_base_commons:151:3)
    at WriteStream.Socket._writeGeneric (node:net:817:11)
    at WriteStream.Socket._write (node:net:829:8)
    at writeOrBuffer (node:internal/streams/writable:389:12)
    at _write (node:internal/streams/writable:330:10)
    at WriteStream.Writable.write (node:internal/streams/writable:334:10)
    at Console.log (/Users/Coding/Library/pnpm/global/5/.pnpm/winston@3.10.0/node_modules/winston/lib/winston/transports/console.js:79:23)
    at Console._write (/Users/Coding/Library/pnpm/global/5/.pnpm/winston-transport@4.5.0/node_modules/winston-transport/index.js:103:17)
    at doWrite (/Users/Coding/Library/pnpm/global/5/.pnpm/readable-stream@3.6.2/node_modules/readable-stream/lib/_stream_writable.js:390:139)
[error] 
[error] Error: An unexpected error has occurred.
[debug] [2023-09-29T17:14:16.495Z] Error: write EIO
    at afterWriteDispatched (node:internal/stream_base_commons:160:15)
    at writeGeneric (node:internal/stream_base_commons:151:3)
    at WriteStream.Socket._writeGeneric (node:net:817:11)
    at WriteStream.Socket._write (node:net:829:8)
    at writeOrBuffer (node:internal/streams/writable:389:12)
    at _write (node:internal/streams/writable:330:10)
    at WriteStream.Writable.write (node:internal/streams/writable:334:10)
    at Console.log (/Users/Coding/Library/pnpm/global/5/.pnpm/winston@3.10.0/node_modules/winston/lib/winston/transports/console.js:79:23)
    at Console._write (/Users/Coding/Library/pnpm/global/5/.pnpm/winston-transport@4.5.0/node_modules/winston-transport/index.js:103:17)
    at doWrite (/Users/Coding/Library/pnpm/global/5/.pnpm/readable-stream@3.6.2/node_modules/readable-stream/lib/_stream_writable.js:390:139)
[error] 
[error] Error: An unexpected error has occurred.
[debug] [2023-09-29T17:14:16.496Z] Error: write EIO
    at afterWriteDispatched (node:internal/stream_base_commons:160:15)
    at writeGeneric (node:internal/stream_base_commons:151:3)
    at WriteStream.Socket._writeGeneric (node:net:817:11)
    at WriteStream.Socket._write (node:net:829:8)
    at writeOrBuffer (node:internal/streams/writable:389:12)
    at _write (node:internal/streams/writable:330:10)
    at WriteStream.Writable.write (node:internal/streams/writable:334:10)
    at Console.log (/Users/Coding/Library/pnpm/global/5/.pnpm/winston@3.10.0/node_modules/winston/lib/winston/transports/console.js:79:23)
    at Console._write (/Users/Coding/Library/pnpm/global/5/.pnpm/winston-transport@4.5.0/node_modules/winston-transport/index.js:103:17)
    at doWrite (/Users/Coding/Library/pnpm/global/5/.pnpm/readable-stream@3.6.2/node_modules/readable-stream/lib/_stream_writable.js:390:139)
[error] 
[error] Error: An unexpected error has occurred.
[debug] [2023-09-29T17:14:16.496Z] Error: write EIO
    at afterWriteDispatched (node:internal/stream_base_commons:160:15)
    at writeGeneric (node:internal/stream_base_commons:151:3)
    at WriteStream.Socket._writeGeneric (node:net:817:11)
    at WriteStream.Socket._write (node:net:829:8)
    at writeOrBuffer (node:internal/streams/writable:389:12)
    at _write (node:internal/streams/writable:330:10)
    at WriteStream.Writable.write (node:internal/streams/writable:334:10)
    at Console.log (/Users/Coding/Library/pnpm/global/5/.pnpm/winston@3.10.0/node_modules/winston/lib/winston/transports/console.js:79:23)
    at Console._write (/Users/Coding/Library/pnpm/global/5/.pnpm/winston-transport@4.5.0/node_modules/winston-transport/index.js:103:17)
    at doWrite (/Users/Coding/Library/pnpm/global/5/.pnpm/readable-stream@3.6.2/node_modules/readable-stream/lib/_stream_writable.js:390:139)
[error] 
